{"/home/tuyizere/myTopMovies/src/app.js":{"path":"/home/tuyizere/myTopMovies/src/app.js","statementMap":{"0":{"start":{"line":3,"column":0},"end":{"line":5,"column":3}},"1":{"start":{"line":6,"column":0},"end":{"line":6,"column":28}},"2":{"start":{"line":7,"column":15},"end":{"line":7,"column":57}},"3":{"start":{"line":8,"column":14},"end":{"line":8,"column":55}},"4":{"start":{"line":9,"column":12},"end":{"line":9,"column":51}},"5":{"start":{"line":10,"column":18},"end":{"line":10,"column":64}},"6":{"start":{"line":11,"column":14},"end":{"line":11,"column":55}},"7":{"start":{"line":12,"column":18},"end":{"line":12,"column":63}},"8":{"start":{"line":13,"column":25},"end":{"line":13,"column":78}},"9":{"start":{"line":14,"column":15},"end":{"line":14,"column":59}},"10":{"start":{"line":15,"column":39},"end":{"line":15,"column":95}},"11":{"start":{"line":16,"column":0},"end":{"line":16,"column":28}},"12":{"start":{"line":17,"column":10},"end":{"line":17,"column":36}},"13":{"start":{"line":18,"column":11},"end":{"line":18,"column":35}},"14":{"start":{"line":19,"column":0},"end":{"line":24,"column":3}},"15":{"start":{"line":25,"column":0},"end":{"line":27,"column":4}},"16":{"start":{"line":28,"column":0},"end":{"line":28,"column":36}},"17":{"start":{"line":29,"column":0},"end":{"line":31,"column":4}},"18":{"start":{"line":32,"column":0},"end":{"line":32,"column":41}},"19":{"start":{"line":33,"column":0},"end":{"line":33,"column":33}},"20":{"start":{"line":34,"column":0},"end":{"line":34,"column":29}},"21":{"start":{"line":35,"column":0},"end":{"line":35,"column":67}},"22":{"start":{"line":36,"column":15},"end":{"line":36,"column":18}},"23":{"start":{"line":37,"column":0},"end":{"line":37,"column":30}}},"fnMap":{"0":{"name":"_interopRequireDefault","decl":{"start":{"line":15,"column":9},"end":{"line":15,"column":31}},"loc":{"start":{"line":15,"column":37},"end":{"line":15,"column":97}},"line":15}},"branchMap":{"0":{"loc":{"start":{"line":15,"column":46},"end":{"line":15,"column":94}},"type":"cond-expr","locations":[{"start":{"line":15,"column":70},"end":{"line":15,"column":73}},{"start":{"line":15,"column":76},"end":{"line":15,"column":94}}],"line":15},"1":{"loc":{"start":{"line":15,"column":46},"end":{"line":15,"column":67}},"type":"binary-expr","locations":[{"start":{"line":15,"column":46},"end":{"line":15,"column":49}},{"start":{"line":15,"column":53},"end":{"line":15,"column":67}}],"line":15},"2":{"loc":{"start":{"line":18,"column":11},"end":{"line":18,"column":35}},"type":"binary-expr","locations":[{"start":{"line":18,"column":11},"end":{"line":18,"column":27}},{"start":{"line":18,"column":31},"end":{"line":18,"column":35}}],"line":18}},"s":{"0":1,"1":1,"2":1,"3":1,"4":1,"5":1,"6":1,"7":1,"8":1,"9":1,"10":8,"11":1,"12":1,"13":1,"14":1,"15":1,"16":1,"17":1,"18":1,"19":1,"20":1,"21":1,"22":1,"23":1},"f":{"0":8},"b":{"0":[1,7],"1":[8,8],"2":[1,0]},"inputSourceMap":{"version":3,"names":["dotenv","config","app","express","PORT","process","env","cloadinary","cloud_name","CLOUDINARY_CLOUD_NAME","api_key","CLOUDINARY_API_KEY","api_secret","CLOUDINARY_API_SECRET","secure","use","fileupload","useTempFiles","json","bodyParser","urlencoded","extended","morgan","cors","routes","listen","console","log"],"sourceRoot":"/home/tuyizere/myTopMovies/src/","sources":["app.js"],"sourcesContent":["import express from \"express\";\nimport dotenv from \"dotenv\";\nimport cors from \"cors\";\nimport bodyParser from \"body-parser\";\nimport morgan from \"morgan\";\nimport cloadinary from \"cloudinary\";\nimport fileupload from \"express-fileupload\";\nimport routes from \"./routers\";\n\ndotenv.config();\nconst app = express();\nconst PORT = process.env.PORT || 4000;\n\ncloadinary.config({\n  cloud_name: process.env.CLOUDINARY_CLOUD_NAME,\n  api_key: process.env.CLOUDINARY_API_KEY,\n  api_secret: process.env.CLOUDINARY_API_SECRET,\n  secure: true,\n});\n\napp.use(fileupload({ useTempFiles: true }));\napp.use(express.json());\napp.use(bodyParser.urlencoded({ extended: false }));\napp.use(morgan(\"tiny\"));\napp.use(cors());\napp.use(routes);\n\napp.listen(PORT, console.log(`Server Listening on ${PORT}`));\n\nexport default app;\n"],"mappings":";;;;;;AAAA;AACA;AACA;AACA;AACA;AACA;AACA;AACA;AAA+B;AAE/BA,kBAAM,CAACC,MAAM,EAAE;AACf,IAAMC,GAAG,GAAG,IAAAC,mBAAO,GAAE;AACrB,IAAMC,IAAI,GAAGC,OAAO,CAACC,GAAG,CAACF,IAAI,IAAI,IAAI;AAErCG,sBAAU,CAACN,MAAM,CAAC;EAChBO,UAAU,EAAEH,OAAO,CAACC,GAAG,CAACG,qBAAqB;EAC7CC,OAAO,EAAEL,OAAO,CAACC,GAAG,CAACK,kBAAkB;EACvCC,UAAU,EAAEP,OAAO,CAACC,GAAG,CAACO,qBAAqB;EAC7CC,MAAM,EAAE;AACV,CAAC,CAAC;AAEFZ,GAAG,CAACa,GAAG,CAAC,IAAAC,6BAAU,EAAC;EAAEC,YAAY,EAAE;AAAK,CAAC,CAAC,CAAC;AAC3Cf,GAAG,CAACa,GAAG,CAACZ,mBAAO,CAACe,IAAI,EAAE,CAAC;AACvBhB,GAAG,CAACa,GAAG,CAACI,sBAAU,CAACC,UAAU,CAAC;EAAEC,QAAQ,EAAE;AAAM,CAAC,CAAC,CAAC;AACnDnB,GAAG,CAACa,GAAG,CAAC,IAAAO,kBAAM,EAAC,MAAM,CAAC,CAAC;AACvBpB,GAAG,CAACa,GAAG,CAAC,IAAAQ,gBAAI,GAAE,CAAC;AACfrB,GAAG,CAACa,GAAG,CAACS,mBAAM,CAAC;AAEftB,GAAG,CAACuB,MAAM,CAACrB,IAAI,EAAEsB,OAAO,CAACC,GAAG,+BAAwBvB,IAAI,EAAG,CAAC;AAAC,eAE9CF,GAAG;AAAA"},"_coverageSchema":"1a1c01bbd47fc00a2c39e90264f33305004495a9","hash":"9262b352a5aceabaa1e2ca7c3747fea98f5a5901","contentHash":"0e62f936ac6f1632da8fc62e52de9d154ba8a3fe76811d4c0ed7b9fdefdb4600"},"/home/tuyizere/myTopMovies/src/routers/index.js":{"path":"/home/tuyizere/myTopMovies/src/routers/index.js","statementMap":{"0":{"start":{"line":3,"column":0},"end":{"line":5,"column":3}},"1":{"start":{"line":6,"column":0},"end":{"line":6,"column":28}},"2":{"start":{"line":7,"column":15},"end":{"line":7,"column":57}},"3":{"start":{"line":8,"column":13},"end":{"line":8,"column":61}},"4":{"start":{"line":9,"column":16},"end":{"line":9,"column":67}},"5":{"start":{"line":10,"column":39},"end":{"line":10,"column":95}},"6":{"start":{"line":11,"column":13},"end":{"line":11,"column":39}},"7":{"start":{"line":12,"column":0},"end":{"line":16,"column":3}},"8":{"start":{"line":13,"column":2},"end":{"line":15,"column":5}},"9":{"start":{"line":17,"column":0},"end":{"line":17,"column":48}},"10":{"start":{"line":18,"column":0},"end":{"line":18,"column":55}},"11":{"start":{"line":19,"column":0},"end":{"line":23,"column":3}},"12":{"start":{"line":20,"column":2},"end":{"line":22,"column":5}},"13":{"start":{"line":24,"column":15},"end":{"line":24,"column":21}},"14":{"start":{"line":25,"column":0},"end":{"line":25,"column":30}}},"fnMap":{"0":{"name":"_interopRequireDefault","decl":{"start":{"line":10,"column":9},"end":{"line":10,"column":31}},"loc":{"start":{"line":10,"column":37},"end":{"line":10,"column":97}},"line":10},"1":{"name":"(anonymous_1)","decl":{"start":{"line":12,"column":16},"end":{"line":12,"column":17}},"loc":{"start":{"line":12,"column":36},"end":{"line":16,"column":1}},"line":12},"2":{"name":"(anonymous_2)","decl":{"start":{"line":19,"column":16},"end":{"line":19,"column":17}},"loc":{"start":{"line":19,"column":36},"end":{"line":23,"column":1}},"line":19}},"branchMap":{"0":{"loc":{"start":{"line":10,"column":46},"end":{"line":10,"column":94}},"type":"cond-expr","locations":[{"start":{"line":10,"column":70},"end":{"line":10,"column":73}},{"start":{"line":10,"column":76},"end":{"line":10,"column":94}}],"line":10},"1":{"loc":{"start":{"line":10,"column":46},"end":{"line":10,"column":67}},"type":"binary-expr","locations":[{"start":{"line":10,"column":46},"end":{"line":10,"column":49}},{"start":{"line":10,"column":53},"end":{"line":10,"column":67}}],"line":10}},"s":{"0":1,"1":1,"2":1,"3":1,"4":1,"5":3,"6":1,"7":1,"8":1,"9":1,"10":1,"11":1,"12":1,"13":1,"14":1},"f":{"0":3,"1":1,"2":1},"b":{"0":[2,1],"1":[3,3]},"inputSourceMap":{"version":3,"names":["routes","express","get","req","res","status","json","message","use","movieRouters","categoryRouters"],"sourceRoot":"/home/tuyizere/myTopMovies/src/routers/","sources":["index.js"],"sourcesContent":["import express from \"express\";\nimport movieRouters from \"./movie.route\";\nimport categoryRouters from \"./category.route\";\n\nconst routes = express();\n\nroutes.get(\"/\", (req, res) => {\n  res.status(200).json({\n    message: \"This My Top Movies App backend\",\n  });\n});\n\nroutes.use(\"/api/v1/movies\", movieRouters);\nroutes.use(\"/api/v1/categories\", categoryRouters);\n\nroutes.get(\"*\", (req, res) => {\n  res.status(404).json({\n    message: \"Page not found, try again\",\n  });\n});\n\nexport default routes;\n"],"mappings":";;;;;;AAAA;AACA;AACA;AAA+C;AAE/C,IAAMA,MAAM,GAAG,IAAAC,mBAAO,GAAE;AAExBD,MAAM,CAACE,GAAG,CAAC,GAAG,EAAE,UAACC,GAAG,EAAEC,GAAG,EAAK;EAC5BA,GAAG,CAACC,MAAM,CAAC,GAAG,CAAC,CAACC,IAAI,CAAC;IACnBC,OAAO,EAAE;EACX,CAAC,CAAC;AACJ,CAAC,CAAC;AAEFP,MAAM,CAACQ,GAAG,CAAC,gBAAgB,EAAEC,iBAAY,CAAC;AAC1CT,MAAM,CAACQ,GAAG,CAAC,oBAAoB,EAAEE,oBAAe,CAAC;AAEjDV,MAAM,CAACE,GAAG,CAAC,GAAG,EAAE,UAACC,GAAG,EAAEC,GAAG,EAAK;EAC5BA,GAAG,CAACC,MAAM,CAAC,GAAG,CAAC,CAACC,IAAI,CAAC;IACnBC,OAAO,EAAE;EACX,CAAC,CAAC;AACJ,CAAC,CAAC;AAAC,eAEYP,MAAM;AAAA"},"_coverageSchema":"1a1c01bbd47fc00a2c39e90264f33305004495a9","hash":"6db80dbfca634afde67fa23ae771c6ef0275d39d","contentHash":"f963748f577f5b4e20be4d895aab688ed50744d3c4dd28538d93bc48a329b9de"},"/home/tuyizere/myTopMovies/src/routers/movie.route.js":{"path":"/home/tuyizere/myTopMovies/src/routers/movie.route.js","statementMap":{"0":{"start":{"line":3,"column":0},"end":{"line":5,"column":3}},"1":{"start":{"line":6,"column":0},"end":{"line":6,"column":28}},"2":{"start":{"line":7,"column":13},"end":{"line":7,"column":80}},"3":{"start":{"line":8,"column":15},"end":{"line":8,"column":57}},"4":{"start":{"line":9,"column":14},"end":{"line":9,"column":57}},"5":{"start":{"line":10,"column":14},"end":{"line":10,"column":55}},"6":{"start":{"line":11,"column":39},"end":{"line":11,"column":95}},"7":{"start":{"line":12,"column":13},"end":{"line":12,"column":41}},"8":{"start":{"line":13,"column":0},"end":{"line":13,"column":245}},"9":{"start":{"line":14,"column":0},"end":{"line":14,"column":244}},"10":{"start":{"line":15,"column":15},"end":{"line":15,"column":21}},"11":{"start":{"line":16,"column":0},"end":{"line":16,"column":30}}},"fnMap":{"0":{"name":"_interopRequireDefault","decl":{"start":{"line":11,"column":9},"end":{"line":11,"column":31}},"loc":{"start":{"line":11,"column":37},"end":{"line":11,"column":97}},"line":11}},"branchMap":{"0":{"loc":{"start":{"line":11,"column":46},"end":{"line":11,"column":94}},"type":"cond-expr","locations":[{"start":{"line":11,"column":70},"end":{"line":11,"column":73}},{"start":{"line":11,"column":76},"end":{"line":11,"column":94}}],"line":11},"1":{"loc":{"start":{"line":11,"column":46},"end":{"line":11,"column":67}},"type":"binary-expr","locations":[{"start":{"line":11,"column":46},"end":{"line":11,"column":49}},{"start":{"line":11,"column":53},"end":{"line":11,"column":67}}],"line":11}},"s":{"0":1,"1":1,"2":1,"3":1,"4":1,"5":1,"6":2,"7":1,"8":1,"9":1,"10":1,"11":1},"f":{"0":2},"b":{"0":[1,1],"1":[2,2]},"inputSourceMap":{"version":3,"names":["router","express","Router","route","get","movieController","getMovies","post","movieValidation","checkIfMoveExistByName","checkIfCategoryExist","checkUploadImage","checkImageFormat","createMovie","checkIfMoveExistById","getMovie","patch","updatingMovieController","deltingMovieController"],"sourceRoot":"/home/tuyizere/myTopMovies/src/routers/","sources":["movie.route.js"],"sourcesContent":["import movieController from \"../controllers/movie.controllers\";\nimport express from \"express\";\nimport { movieValidation } from \"../validations/movie.validations\";\nimport {\n  checkIfMoveExistByName,\n  checkUploadImage,\n  checkImageFormat,\n  checkIfMoveExistById,\n  checkIfCategoryExist,\n} from \"../middleware/movie.middleware\";\n\nconst router = express.Router();\nrouter\n  .route(\"/\")\n  .get(movieController.getMovies)\n  .post(\n    movieValidation,\n    checkIfMoveExistByName,\n    checkIfCategoryExist,\n    checkUploadImage,\n    checkImageFormat(\"jpg\", \"png\"),\n    movieController.createMovie\n  );\n\nrouter\n  .route(\"/:id\")\n  .get(checkIfMoveExistById, movieController.getMovie)\n  .patch(checkIfMoveExistById, movieController.updatingMovieController)\n  .delete(checkIfMoveExistById, movieController.deltingMovieController);\n\nexport default router;\n"],"mappings":";;;;;;AAAA;AACA;AACA;AACA;AAMwC;AAExC,IAAMA,MAAM,GAAGC,mBAAO,CAACC,MAAM,EAAE;AAC/BF,MAAM,CACHG,KAAK,CAAC,GAAG,CAAC,CACVC,GAAG,CAACC,iBAAe,CAACC,SAAS,CAAC,CAC9BC,IAAI,CACHC,uBAAe,EACfC,8BAAsB,EACtBC,4BAAoB,EACpBC,wBAAgB,EAChB,IAAAC,wBAAgB,EAAC,KAAK,EAAE,KAAK,CAAC,EAC9BP,iBAAe,CAACQ,WAAW,CAC5B;AAEHb,MAAM,CACHG,KAAK,CAAC,MAAM,CAAC,CACbC,GAAG,CAACU,4BAAoB,EAAET,iBAAe,CAACU,QAAQ,CAAC,CACnDC,KAAK,CAACF,4BAAoB,EAAET,iBAAe,CAACY,uBAAuB,CAAC,UAC9D,CAACH,4BAAoB,EAAET,iBAAe,CAACa,sBAAsB,CAAC;AAAC,eAEzDlB,MAAM;AAAA"},"_coverageSchema":"1a1c01bbd47fc00a2c39e90264f33305004495a9","hash":"ca3633f1b7f2493e0f7e8ddd07efbe0b991c8b6f","contentHash":"7a10d379de2a77f49ae071117f2883bbde0db639a270d196b4360fe277f5e756"},"/home/tuyizere/myTopMovies/src/controllers/movie.controllers.js":{"path":"/home/tuyizere/myTopMovies/src/controllers/movie.controllers.js","statementMap":{"0":{"start":{"line":3,"column":51},"end":{"line":3,"column":334}},"1":{"start":{"line":3,"column":153},"end":{"line":3,"column":171}},"2":{"start":{"line":3,"column":193},"end":{"line":3,"column":317}},"3":{"start":{"line":4,"column":0},"end":{"line":6,"column":3}},"4":{"start":{"line":7,"column":0},"end":{"line":7,"column":55}},"5":{"start":{"line":8,"column":13},"end":{"line":8,"column":50}},"6":{"start":{"line":9,"column":54},"end":{"line":9,"column":73}},"7":{"start":{"line":9,"column":75},"end":{"line":9,"column":326}},"8":{"start":{"line":9,"column":125},"end":{"line":9,"column":161}},"9":{"start":{"line":9,"column":163},"end":{"line":9,"column":324}},"10":{"start":{"line":9,"column":224},"end":{"line":9,"column":287}},"11":{"start":{"line":9,"column":327},"end":{"line":9,"column":339}},"12":{"start":{"line":10,"column":33},"end":{"line":10,"column":489}},"13":{"start":{"line":10,"column":46},"end":{"line":10,"column":47}},"14":{"start":{"line":10,"column":91},"end":{"line":10,"column":131}},"15":{"start":{"line":10,"column":133},"end":{"line":10,"column":487}},"16":{"start":{"line":10,"column":194},"end":{"line":10,"column":236}},"17":{"start":{"line":10,"column":402},"end":{"line":10,"column":483}},"18":{"start":{"line":10,"column":490},"end":{"line":10,"column":504}},"19":{"start":{"line":11,"column":44},"end":{"line":11,"column":195}},"20":{"start":{"line":11,"column":62},"end":{"line":11,"column":166}},"21":{"start":{"line":11,"column":176},"end":{"line":11,"column":193}},"22":{"start":{"line":11,"column":196},"end":{"line":11,"column":207}},"23":{"start":{"line":12,"column":196},"end":{"line":12,"column":269}},"24":{"start":{"line":12,"column":251},"end":{"line":12,"column":266}},"25":{"start":{"line":12,"column":284},"end":{"line":12,"column":286}},"26":{"start":{"line":12,"column":293},"end":{"line":12,"column":309}},"27":{"start":{"line":12,"column":320},"end":{"line":12,"column":337}},"28":{"start":{"line":12,"column":356},"end":{"line":12,"column":433}},"29":{"start":{"line":12,"column":409},"end":{"line":12,"column":431}},"30":{"start":{"line":12,"column":445},"end":{"line":12,"column":486}},"31":{"start":{"line":12,"column":505},"end":{"line":12,"column":537}},"32":{"start":{"line":12,"column":561},"end":{"line":12,"column":603}},"33":{"start":{"line":12,"column":625},"end":{"line":12,"column":663}},"34":{"start":{"line":12,"column":700},"end":{"line":12,"column":815}},"35":{"start":{"line":12,"column":818},"end":{"line":12,"column":929}},"36":{"start":{"line":12,"column":824},"end":{"line":12,"column":839}},"37":{"start":{"line":12,"column":856},"end":{"line":12,"column":927}},"38":{"start":{"line":12,"column":900},"end":{"line":12,"column":924}},"39":{"start":{"line":12,"column":1004},"end":{"line":12,"column":1075}},"40":{"start":{"line":12,"column":1089},"end":{"line":12,"column":1128}},"41":{"start":{"line":12,"column":1140},"end":{"line":12,"column":1170}},"42":{"start":{"line":12,"column":1172},"end":{"line":12,"column":1280}},"43":{"start":{"line":12,"column":1317},"end":{"line":12,"column":1427}},"44":{"start":{"line":12,"column":1323},"end":{"line":12,"column":1373}},"45":{"start":{"line":12,"column":1390},"end":{"line":12,"column":1425}},"46":{"start":{"line":12,"column":1430},"end":{"line":12,"column":1450}},"47":{"start":{"line":12,"column":1474},"end":{"line":12,"column":1476}},"48":{"start":{"line":12,"column":1599},"end":{"line":12,"column":1601}},"49":{"start":{"line":12,"column":1603},"end":{"line":12,"column":1675}},"50":{"start":{"line":12,"column":1659},"end":{"line":12,"column":1671}},"51":{"start":{"line":12,"column":1691},"end":{"line":12,"column":1712}},"52":{"start":{"line":12,"column":1740},"end":{"line":12,"column":1782}},"53":{"start":{"line":12,"column":1784},"end":{"line":12,"column":1947}},"54":{"start":{"line":12,"column":1957},"end":{"line":12,"column":2050}},"55":{"start":{"line":12,"column":2096},"end":{"line":12,"column":2236}},"56":{"start":{"line":12,"column":2152},"end":{"line":12,"column":2232}},"57":{"start":{"line":12,"column":2195},"end":{"line":12,"column":2228}},"58":{"start":{"line":12,"column":2349},"end":{"line":12,"column":2392}},"59":{"start":{"line":12,"column":2394},"end":{"line":12,"column":2886}},"60":{"start":{"line":12,"column":2438},"end":{"line":12,"column":2448}},"61":{"start":{"line":12,"column":2458},"end":{"line":12,"column":2470}},"62":{"start":{"line":12,"column":2472},"end":{"line":12,"column":2884}},"63":{"start":{"line":12,"column":2609},"end":{"line":12,"column":2648}},"64":{"start":{"line":12,"column":2669},"end":{"line":12,"column":2707}},"65":{"start":{"line":12,"column":2768},"end":{"line":12,"column":2810}},"66":{"start":{"line":12,"column":2833},"end":{"line":12,"column":2880}},"67":{"start":{"line":12,"column":2887},"end":{"line":12,"column":2906}},"68":{"start":{"line":12,"column":2930},"end":{"line":12,"column":3294}},"69":{"start":{"line":12,"column":3041},"end":{"line":12,"column":3134}},"70":{"start":{"line":12,"column":3093},"end":{"line":12,"column":3130}},"71":{"start":{"line":12,"column":3137},"end":{"line":12,"column":3288}},"72":{"start":{"line":12,"column":3361},"end":{"line":12,"column":3377}},"73":{"start":{"line":12,"column":3379},"end":{"line":12,"column":4499}},"74":{"start":{"line":12,"column":3411},"end":{"line":12,"column":3486}},"75":{"start":{"line":12,"column":3438},"end":{"line":12,"column":3486}},"76":{"start":{"line":12,"column":3487},"end":{"line":12,"column":3573}},"77":{"start":{"line":12,"column":3516},"end":{"line":12,"column":3550}},"78":{"start":{"line":12,"column":3540},"end":{"line":12,"column":3550}},"79":{"start":{"line":12,"column":3551},"end":{"line":12,"column":3571}},"80":{"start":{"line":12,"column":3574},"end":{"line":12,"column":4496}},"81":{"start":{"line":12,"column":3642},"end":{"line":12,"column":3658}},"82":{"start":{"line":12,"column":3660},"end":{"line":12,"column":3836}},"83":{"start":{"line":12,"column":3697},"end":{"line":12,"column":3735}},"84":{"start":{"line":12,"column":3737},"end":{"line":12,"column":3834}},"85":{"start":{"line":12,"column":3759},"end":{"line":12,"column":3809}},"86":{"start":{"line":12,"column":3800},"end":{"line":12,"column":3809}},"87":{"start":{"line":12,"column":3810},"end":{"line":12,"column":3832}},"88":{"start":{"line":12,"column":3837},"end":{"line":12,"column":4138}},"89":{"start":{"line":12,"column":3868},"end":{"line":12,"column":3911}},"90":{"start":{"line":12,"column":3916},"end":{"line":12,"column":4138}},"91":{"start":{"line":12,"column":3950},"end":{"line":12,"column":4021}},"92":{"start":{"line":12,"column":3982},"end":{"line":12,"column":4021}},"93":{"start":{"line":12,"column":4022},"end":{"line":12,"column":4061}},"94":{"start":{"line":12,"column":4069},"end":{"line":12,"column":4138}},"95":{"start":{"line":12,"column":4139},"end":{"line":12,"column":4159}},"96":{"start":{"line":12,"column":4173},"end":{"line":12,"column":4205}},"97":{"start":{"line":12,"column":4207},"end":{"line":12,"column":4392}},"98":{"start":{"line":12,"column":4239},"end":{"line":12,"column":4340}},"99":{"start":{"line":12,"column":4331},"end":{"line":12,"column":4340}},"100":{"start":{"line":12,"column":4341},"end":{"line":12,"column":4390}},"101":{"start":{"line":12,"column":4393},"end":{"line":12,"column":4494}},"102":{"start":{"line":12,"column":4565},"end":{"line":12,"column":4598}},"103":{"start":{"line":12,"column":4600},"end":{"line":12,"column":5002}},"104":{"start":{"line":12,"column":4628},"end":{"line":12,"column":4975}},"105":{"start":{"line":12,"column":4687},"end":{"line":12,"column":4868}},"106":{"start":{"line":12,"column":4844},"end":{"line":12,"column":4868}},"107":{"start":{"line":12,"column":4869},"end":{"line":12,"column":4973}},"108":{"start":{"line":12,"column":4976},"end":{"line":12,"column":5000}},"109":{"start":{"line":12,"column":5016},"end":{"line":12,"column":5064}},"110":{"start":{"line":12,"column":5066},"end":{"line":12,"column":5196}},"111":{"start":{"line":12,"column":5095},"end":{"line":12,"column":5196}},"112":{"start":{"line":12,"column":5208},"end":{"line":12,"column":5218}},"113":{"start":{"line":12,"column":5220},"end":{"line":12,"column":5593}},"114":{"start":{"line":12,"column":5638},"end":{"line":12,"column":5657}},"115":{"start":{"line":12,"column":5659},"end":{"line":12,"column":5797}},"116":{"start":{"line":12,"column":5845},"end":{"line":12,"column":5867}},"117":{"start":{"line":12,"column":5869},"end":{"line":12,"column":5938}},"118":{"start":{"line":12,"column":5973},"end":{"line":12,"column":6069}},"119":{"start":{"line":12,"column":6100},"end":{"line":12,"column":6550}},"120":{"start":{"line":12,"column":6137},"end":{"line":12,"column":6161}},"121":{"start":{"line":12,"column":6163},"end":{"line":12,"column":6220}},"122":{"start":{"line":12,"column":6183},"end":{"line":12,"column":6220}},"123":{"start":{"line":12,"column":6221},"end":{"line":12,"column":6277}},"124":{"start":{"line":12,"column":6261},"end":{"line":12,"column":6277}},"125":{"start":{"line":12,"column":6278},"end":{"line":12,"column":6548}},"126":{"start":{"line":12,"column":6317},"end":{"line":12,"column":6319}},"127":{"start":{"line":12,"column":6328},"end":{"line":12,"column":6520}},"128":{"start":{"line":12,"column":6346},"end":{"line":12,"column":6465}},"129":{"start":{"line":12,"column":6379},"end":{"line":12,"column":6463}},"130":{"start":{"line":12,"column":6409},"end":{"line":12,"column":6463}},"131":{"start":{"line":12,"column":6466},"end":{"line":12,"column":6518}},"132":{"start":{"line":12,"column":6522},"end":{"line":12,"column":6546}},"133":{"start":{"line":12,"column":6551},"end":{"line":12,"column":6579}},"134":{"start":{"line":12,"column":6606},"end":{"line":12,"column":6644}},"135":{"start":{"line":12,"column":6647},"end":{"line":12,"column":12080}},"136":{"start":{"line":12,"column":7080},"end":{"line":12,"column":7129}},"137":{"start":{"line":12,"column":7131},"end":{"line":12,"column":7236}},"138":{"start":{"line":12,"column":7275},"end":{"line":12,"column":7516}},"139":{"start":{"line":12,"column":7553},"end":{"line":12,"column":7577}},"140":{"start":{"line":12,"column":7696},"end":{"line":12,"column":7708}},"141":{"start":{"line":12,"column":7830},"end":{"line":12,"column":7880}},"142":{"start":{"line":12,"column":7892},"end":{"line":12,"column":7965}},"143":{"start":{"line":12,"column":7967},"end":{"line":12,"column":8109}},"144":{"start":{"line":12,"column":8057},"end":{"line":12,"column":8105}},"145":{"start":{"line":12,"column":8225},"end":{"line":12,"column":8237}},"146":{"start":{"line":12,"column":8279},"end":{"line":12,"column":8307}},"147":{"start":{"line":12,"column":8357},"end":{"line":12,"column":8368}},"148":{"start":{"line":12,"column":8377},"end":{"line":12,"column":8379}},"149":{"start":{"line":12,"column":8381},"end":{"line":12,"column":8424}},"150":{"start":{"line":12,"column":8407},"end":{"line":12,"column":8422}},"151":{"start":{"line":12,"column":8425},"end":{"line":12,"column":8610}},"152":{"start":{"line":12,"column":8466},"end":{"line":12,"column":8578}},"153":{"start":{"line":12,"column":8499},"end":{"line":12,"column":8509}},"154":{"start":{"line":12,"column":8511},"end":{"line":12,"column":8576}},"155":{"start":{"line":12,"column":8530},"end":{"line":12,"column":8576}},"156":{"start":{"line":12,"column":8579},"end":{"line":12,"column":8607}},"157":{"start":{"line":12,"column":8722},"end":{"line":12,"column":9061}},"158":{"start":{"line":12,"column":8930},"end":{"line":12,"column":9061}},"159":{"start":{"line":12,"column":8955},"end":{"line":12,"column":9059}},"160":{"start":{"line":12,"column":9089},"end":{"line":12,"column":9104}},"161":{"start":{"line":12,"column":9122},"end":{"line":12,"column":9151}},"162":{"start":{"line":12,"column":9153},"end":{"line":12,"column":9207}},"163":{"start":{"line":12,"column":9186},"end":{"line":12,"column":9207}},"164":{"start":{"line":12,"column":9208},"end":{"line":12,"column":9225}},"165":{"start":{"line":12,"column":9288},"end":{"line":12,"column":9319}},"166":{"start":{"line":12,"column":9303},"end":{"line":12,"column":9319}},"167":{"start":{"line":12,"column":9334},"end":{"line":12,"column":9338}},"168":{"start":{"line":12,"column":9371},"end":{"line":12,"column":9516}},"169":{"start":{"line":12,"column":9519},"end":{"line":12,"column":10223}},"170":{"start":{"line":12,"column":9532},"end":{"line":12,"column":9558}},"171":{"start":{"line":12,"column":9587},"end":{"line":12,"column":9605}},"172":{"start":{"line":12,"column":9616},"end":{"line":12,"column":9632}},"173":{"start":{"line":12,"column":9634},"end":{"line":12,"column":9684}},"174":{"start":{"line":12,"column":9663},"end":{"line":12,"column":9684}},"175":{"start":{"line":12,"column":9685},"end":{"line":12,"column":10221}},"176":{"start":{"line":12,"column":9733},"end":{"line":12,"column":9763}},"177":{"start":{"line":12,"column":9778},"end":{"line":12,"column":9810}},"178":{"start":{"line":12,"column":9812},"end":{"line":12,"column":10219}},"179":{"start":{"line":12,"column":9842},"end":{"line":12,"column":9908}},"180":{"start":{"line":12,"column":9874},"end":{"line":12,"column":9908}},"181":{"start":{"line":12,"column":9909},"end":{"line":12,"column":9975}},"182":{"start":{"line":12,"column":9943},"end":{"line":12,"column":9975}},"183":{"start":{"line":12,"column":9983},"end":{"line":12,"column":10219}},"184":{"start":{"line":12,"column":9999},"end":{"line":12,"column":10065}},"185":{"start":{"line":12,"column":10031},"end":{"line":12,"column":10065}},"186":{"start":{"line":12,"column":10075},"end":{"line":12,"column":10150}},"187":{"start":{"line":12,"column":10092},"end":{"line":12,"column":10150}},"188":{"start":{"line":12,"column":10151},"end":{"line":12,"column":10217}},"189":{"start":{"line":12,"column":10185},"end":{"line":12,"column":10217}},"190":{"start":{"line":12,"column":10264},"end":{"line":12,"column":10489}},"191":{"start":{"line":12,"column":10277},"end":{"line":12,"column":10303}},"192":{"start":{"line":12,"column":10332},"end":{"line":12,"column":10350}},"193":{"start":{"line":12,"column":10352},"end":{"line":12,"column":10487}},"194":{"start":{"line":12,"column":10472},"end":{"line":12,"column":10477}},"195":{"start":{"line":12,"column":10479},"end":{"line":12,"column":10485}},"196":{"start":{"line":12,"column":10490},"end":{"line":12,"column":10637}},"197":{"start":{"line":12,"column":10651},"end":{"line":12,"column":10694}},"198":{"start":{"line":12,"column":10696},"end":{"line":12,"column":10858}},"199":{"start":{"line":12,"column":10910},"end":{"line":12,"column":10956}},"200":{"start":{"line":12,"column":10939},"end":{"line":12,"column":10956}},"201":{"start":{"line":12,"column":10957},"end":{"line":12,"column":11234}},"202":{"start":{"line":12,"column":11276},"end":{"line":12,"column":11498}},"203":{"start":{"line":12,"column":11289},"end":{"line":12,"column":11315}},"204":{"start":{"line":12,"column":11344},"end":{"line":12,"column":11362}},"205":{"start":{"line":12,"column":11364},"end":{"line":12,"column":11496}},"206":{"start":{"line":12,"column":11401},"end":{"line":12,"column":11496}},"207":{"start":{"line":12,"column":11537},"end":{"line":12,"column":11785}},"208":{"start":{"line":12,"column":11550},"end":{"line":12,"column":11576}},"209":{"start":{"line":12,"column":11605},"end":{"line":12,"column":11623}},"210":{"start":{"line":12,"column":11625},"end":{"line":12,"column":11783}},"211":{"start":{"line":12,"column":11669},"end":{"line":12,"column":11685}},"212":{"start":{"line":12,"column":11687},"end":{"line":12,"column":11766}},"213":{"start":{"line":12,"column":11731},"end":{"line":12,"column":11741}},"214":{"start":{"line":12,"column":11743},"end":{"line":12,"column":11764}},"215":{"start":{"line":12,"column":11767},"end":{"line":12,"column":11781}},"216":{"start":{"line":12,"column":11786},"end":{"line":12,"column":11827}},"217":{"start":{"line":12,"column":11902},"end":{"line":12,"column":12066}},"218":{"start":{"line":13,"column":77},"end":{"line":13,"column":175}},"219":{"start":{"line":13,"column":94},"end":{"line":13,"column":107}},"220":{"start":{"line":13,"column":121},"end":{"line":13,"column":131}},"221":{"start":{"line":13,"column":151},"end":{"line":13,"column":165}},"222":{"start":{"line":13,"column":166},"end":{"line":13,"column":173}},"223":{"start":{"line":13,"column":176},"end":{"line":13,"column":263}},"224":{"start":{"line":13,"column":193},"end":{"line":13,"column":208}},"225":{"start":{"line":13,"column":218},"end":{"line":13,"column":261}},"226":{"start":{"line":14,"column":33},"end":{"line":14,"column":387}},"227":{"start":{"line":14,"column":65},"end":{"line":14,"column":69}},"228":{"start":{"line":14,"column":78},"end":{"line":14,"column":87}},"229":{"start":{"line":14,"column":89},"end":{"line":14,"column":384}},"230":{"start":{"line":14,"column":147},"end":{"line":14,"column":167}},"231":{"start":{"line":14,"column":193},"end":{"line":14,"column":264}},"232":{"start":{"line":14,"column":290},"end":{"line":14,"column":360}},"233":{"start":{"line":14,"column":363},"end":{"line":14,"column":380}},"234":{"start":{"line":15,"column":50},"end":{"line":15,"column":151}},"235":{"start":{"line":15,"column":92},"end":{"line":15,"column":149}},"236":{"start":{"line":16,"column":44},"end":{"line":16,"column":315}},"237":{"start":{"line":16,"column":57},"end":{"line":16,"column":58}},"238":{"start":{"line":16,"column":102},"end":{"line":16,"column":110}},"239":{"start":{"line":16,"column":112},"end":{"line":16,"column":167}},"240":{"start":{"line":16,"column":168},"end":{"line":16,"column":199}},"241":{"start":{"line":16,"column":200},"end":{"line":16,"column":254}},"242":{"start":{"line":16,"column":227},"end":{"line":16,"column":254}},"243":{"start":{"line":16,"column":255},"end":{"line":16,"column":313}},"244":{"start":{"line":17,"column":62},"end":{"line":17,"column":131}},"245":{"start":{"line":17,"column":78},"end":{"line":17,"column":131}},"246":{"start":{"line":17,"column":132},"end":{"line":17,"column":193}},"247":{"start":{"line":17,"column":149},"end":{"line":17,"column":193}},"248":{"start":{"line":17,"column":194},"end":{"line":17,"column":263}},"249":{"start":{"line":17,"column":264},"end":{"line":17,"column":283}},"250":{"start":{"line":18,"column":36},"end":{"line":235,"column":3}},"251":{"start":{"line":20,"column":4},"end":{"line":20,"column":44}},"252":{"start":{"line":22,"column":2},"end":{"line":233,"column":6}},"253":{"start":{"line":25,"column":23},"end":{"line":65,"column":9}},"254":{"start":{"line":27,"column":8},"end":{"line":64,"column":37}},"255":{"start":{"line":28,"column":10},"end":{"line":63,"column":11}},"256":{"start":{"line":29,"column":12},"end":{"line":62,"column":13}},"257":{"start":{"line":31,"column":16},"end":{"line":31,"column":34}},"258":{"start":{"line":32,"column":16},"end":{"line":32,"column":38}},"259":{"start":{"line":33,"column":16},"end":{"line":36,"column":17}},"260":{"start":{"line":34,"column":18},"end":{"line":34,"column":36}},"261":{"start":{"line":35,"column":18},"end":{"line":35,"column":24}},"262":{"start":{"line":37,"column":16},"end":{"line":37,"column":34}},"263":{"start":{"line":38,"column":16},"end":{"line":38,"column":62}},"264":{"start":{"line":40,"column":16},"end":{"line":40,"column":39}},"265":{"start":{"line":41,"column":16},"end":{"line":41,"column":35}},"266":{"start":{"line":42,"column":16},"end":{"line":42,"column":22}},"267":{"start":{"line":44,"column":16},"end":{"line":44,"column":35}},"268":{"start":{"line":45,"column":16},"end":{"line":45,"column":50}},"269":{"start":{"line":47,"column":16},"end":{"line":47,"column":39}},"270":{"start":{"line":49,"column":16},"end":{"line":51,"column":20}},"271":{"start":{"line":53,"column":16},"end":{"line":53,"column":35}},"272":{"start":{"line":54,"column":16},"end":{"line":54,"column":51}},"273":{"start":{"line":55,"column":16},"end":{"line":58,"column":20}},"274":{"start":{"line":61,"column":16},"end":{"line":61,"column":39}},"275":{"start":{"line":67,"column":8},"end":{"line":67,"column":49}},"276":{"start":{"line":69,"column":6},"end":{"line":69,"column":23}},"277":{"start":{"line":74,"column":25},"end":{"line":107,"column":9}},"278":{"start":{"line":76,"column":8},"end":{"line":106,"column":38}},"279":{"start":{"line":77,"column":10},"end":{"line":105,"column":11}},"280":{"start":{"line":78,"column":12},"end":{"line":104,"column":13}},"281":{"start":{"line":80,"column":16},"end":{"line":80,"column":38}},"282":{"start":{"line":81,"column":16},"end":{"line":81,"column":35}},"283":{"start":{"line":82,"column":16},"end":{"line":82,"column":110}},"284":{"start":{"line":83,"column":16},"end":{"line":86,"column":19}},"285":{"start":{"line":87,"column":16},"end":{"line":87,"column":35}},"286":{"start":{"line":88,"column":16},"end":{"line":88,"column":50}},"287":{"start":{"line":90,"column":16},"end":{"line":90,"column":42}},"288":{"start":{"line":91,"column":16},"end":{"line":93,"column":20}},"289":{"start":{"line":95,"column":16},"end":{"line":95,"column":36}},"290":{"start":{"line":96,"column":16},"end":{"line":96,"column":53}},"291":{"start":{"line":97,"column":16},"end":{"line":100,"column":19}},"292":{"start":{"line":103,"column":16},"end":{"line":103,"column":40}},"293":{"start":{"line":109,"column":8},"end":{"line":109,"column":51}},"294":{"start":{"line":111,"column":6},"end":{"line":111,"column":25}},"295":{"start":{"line":116,"column":22},"end":{"line":155,"column":9}},"296":{"start":{"line":118,"column":8},"end":{"line":154,"column":38}},"297":{"start":{"line":119,"column":10},"end":{"line":153,"column":11}},"298":{"start":{"line":120,"column":12},"end":{"line":152,"column":13}},"299":{"start":{"line":122,"column":16},"end":{"line":122,"column":35}},"300":{"start":{"line":123,"column":16},"end":{"line":123,"column":34}},"301":{"start":{"line":124,"column":16},"end":{"line":124,"column":35}},"302":{"start":{"line":125,"column":16},"end":{"line":125,"column":73}},"303":{"start":{"line":127,"column":16},"end":{"line":127,"column":44}},"304":{"start":{"line":128,"column":16},"end":{"line":131,"column":17}},"305":{"start":{"line":129,"column":18},"end":{"line":129,"column":37}},"306":{"start":{"line":130,"column":18},"end":{"line":130,"column":24}},"307":{"start":{"line":132,"column":16},"end":{"line":134,"column":20}},"308":{"start":{"line":136,"column":16},"end":{"line":139,"column":19}},"309":{"start":{"line":140,"column":16},"end":{"line":140,"column":36}},"310":{"start":{"line":141,"column":16},"end":{"line":141,"column":22}},"311":{"start":{"line":143,"column":16},"end":{"line":143,"column":36}},"312":{"start":{"line":144,"column":16},"end":{"line":144,"column":53}},"313":{"start":{"line":145,"column":16},"end":{"line":148,"column":20}},"314":{"start":{"line":151,"column":16},"end":{"line":151,"column":40}},"315":{"start":{"line":157,"column":8},"end":{"line":157,"column":48}},"316":{"start":{"line":159,"column":6},"end":{"line":159,"column":22}},"317":{"start":{"line":164,"column":37},"end":{"line":191,"column":9}},"318":{"start":{"line":166,"column":8},"end":{"line":190,"column":37}},"319":{"start":{"line":167,"column":10},"end":{"line":189,"column":11}},"320":{"start":{"line":168,"column":12},"end":{"line":188,"column":13}},"321":{"start":{"line":170,"column":16},"end":{"line":170,"column":34}},"322":{"start":{"line":171,"column":16},"end":{"line":171,"column":35}},"323":{"start":{"line":172,"column":16},"end":{"line":172,"column":35}},"324":{"start":{"line":173,"column":16},"end":{"line":173,"column":86}},"325":{"start":{"line":175,"column":16},"end":{"line":177,"column":31}},"326":{"start":{"line":179,"column":16},"end":{"line":179,"column":35}},"327":{"start":{"line":180,"column":16},"end":{"line":180,"column":53}},"328":{"start":{"line":181,"column":16},"end":{"line":184,"column":20}},"329":{"start":{"line":187,"column":16},"end":{"line":187,"column":40}},"330":{"start":{"line":193,"column":8},"end":{"line":193,"column":63}},"331":{"start":{"line":195,"column":6},"end":{"line":195,"column":37}},"332":{"start":{"line":200,"column":36},"end":{"line":227,"column":9}},"333":{"start":{"line":202,"column":8},"end":{"line":226,"column":37}},"334":{"start":{"line":203,"column":10},"end":{"line":225,"column":11}},"335":{"start":{"line":204,"column":12},"end":{"line":224,"column":13}},"336":{"start":{"line":206,"column":16},"end":{"line":206,"column":34}},"337":{"start":{"line":207,"column":16},"end":{"line":207,"column":35}},"338":{"start":{"line":208,"column":16},"end":{"line":208,"column":35}},"339":{"start":{"line":209,"column":16},"end":{"line":209,"column":57}},"340":{"start":{"line":211,"column":16},"end":{"line":213,"column":20}},"341":{"start":{"line":215,"column":16},"end":{"line":215,"column":35}},"342":{"start":{"line":216,"column":16},"end":{"line":216,"column":53}},"343":{"start":{"line":217,"column":16},"end":{"line":220,"column":20}},"344":{"start":{"line":223,"column":16},"end":{"line":223,"column":40}},"345":{"start":{"line":229,"column":8},"end":{"line":229,"column":62}},"346":{"start":{"line":231,"column":6},"end":{"line":231,"column":36}},"347":{"start":{"line":234,"column":2},"end":{"line":234,"column":26}},"348":{"start":{"line":236,"column":0},"end":{"line":236,"column":44}},"349":{"start":{"line":237,"column":22},"end":{"line":237,"column":44}},"350":{"start":{"line":238,"column":15},"end":{"line":238,"column":30}},"351":{"start":{"line":239,"column":0},"end":{"line":239,"column":30}}},"fnMap":{"0":{"name":"_typeof","decl":{"start":{"line":3,"column":9},"end":{"line":3,"column":16}},"loc":{"start":{"line":3,"column":22},"end":{"line":3,"column":336}},"line":3},"1":{"name":"(anonymous_1)","decl":{"start":{"line":3,"column":136},"end":{"line":3,"column":137}},"loc":{"start":{"line":3,"column":151},"end":{"line":3,"column":173}},"line":3},"2":{"name":"(anonymous_2)","decl":{"start":{"line":3,"column":176},"end":{"line":3,"column":177}},"loc":{"start":{"line":3,"column":191},"end":{"line":3,"column":319}},"line":3},"3":{"name":"ownKeys","decl":{"start":{"line":9,"column":9},"end":{"line":9,"column":16}},"loc":{"start":{"line":9,"column":41},"end":{"line":9,"column":341}},"line":9},"4":{"name":"(anonymous_4)","decl":{"start":{"line":9,"column":207},"end":{"line":9,"column":208}},"loc":{"start":{"line":9,"column":222},"end":{"line":9,"column":289}},"line":9},"5":{"name":"_objectSpread","decl":{"start":{"line":10,"column":9},"end":{"line":10,"column":22}},"loc":{"start":{"line":10,"column":31},"end":{"line":10,"column":506}},"line":10},"6":{"name":"(anonymous_6)","decl":{"start":{"line":10,"column":177},"end":{"line":10,"column":178}},"loc":{"start":{"line":10,"column":192},"end":{"line":10,"column":238}},"line":10},"7":{"name":"(anonymous_7)","decl":{"start":{"line":10,"column":385},"end":{"line":10,"column":386}},"loc":{"start":{"line":10,"column":400},"end":{"line":10,"column":485}},"line":10},"8":{"name":"_defineProperty","decl":{"start":{"line":11,"column":9},"end":{"line":11,"column":24}},"loc":{"start":{"line":11,"column":42},"end":{"line":11,"column":209}},"line":11},"9":{"name":"_regeneratorRuntime","decl":{"start":{"line":12,"column":9},"end":{"line":12,"column":28}},"loc":{"start":{"line":12,"column":31},"end":{"line":12,"column":12082}},"line":12},"10":{"name":"_regeneratorRuntime","decl":{"start":{"line":12,"column":227},"end":{"line":12,"column":246}},"loc":{"start":{"line":12,"column":249},"end":{"line":12,"column":268}},"line":12},"11":{"name":"(anonymous_11)","decl":{"start":{"line":12,"column":381},"end":{"line":12,"column":382}},"loc":{"start":{"line":12,"column":407},"end":{"line":12,"column":433}},"line":12},"12":{"name":"define","decl":{"start":{"line":12,"column":674},"end":{"line":12,"column":680}},"loc":{"start":{"line":12,"column":698},"end":{"line":12,"column":817}},"line":12},"13":{"name":"define","decl":{"start":{"line":12,"column":874},"end":{"line":12,"column":880}},"loc":{"start":{"line":12,"column":898},"end":{"line":12,"column":926}},"line":12},"14":{"name":"wrap","decl":{"start":{"line":12,"column":939},"end":{"line":12,"column":943}},"loc":{"start":{"line":12,"column":981},"end":{"line":12,"column":1282}},"line":12},"15":{"name":"tryCatch","decl":{"start":{"line":12,"column":1292},"end":{"line":12,"column":1300}},"loc":{"start":{"line":12,"column":1315},"end":{"line":12,"column":1429}},"line":12},"16":{"name":"Generator","decl":{"start":{"line":12,"column":1487},"end":{"line":12,"column":1496}},"loc":{"start":{"line":12,"column":1499},"end":{"line":12,"column":1501}},"line":12},"17":{"name":"GeneratorFunction","decl":{"start":{"line":12,"column":1511},"end":{"line":12,"column":1528}},"loc":{"start":{"line":12,"column":1531},"end":{"line":12,"column":1533}},"line":12},"18":{"name":"GeneratorFunctionPrototype","decl":{"start":{"line":12,"column":1543},"end":{"line":12,"column":1569}},"loc":{"start":{"line":12,"column":1572},"end":{"line":12,"column":1574}},"line":12},"19":{"name":"(anonymous_19)","decl":{"start":{"line":12,"column":1645},"end":{"line":12,"column":1646}},"loc":{"start":{"line":12,"column":1657},"end":{"line":12,"column":1673}},"line":12},"20":{"name":"defineIteratorMethods","decl":{"start":{"line":12,"column":2061},"end":{"line":12,"column":2082}},"loc":{"start":{"line":12,"column":2094},"end":{"line":12,"column":2238}},"line":12},"21":{"name":"(anonymous_21)","decl":{"start":{"line":12,"column":2132},"end":{"line":12,"column":2133}},"loc":{"start":{"line":12,"column":2150},"end":{"line":12,"column":2234}},"line":12},"22":{"name":"(anonymous_22)","decl":{"start":{"line":12,"column":2178},"end":{"line":12,"column":2179}},"loc":{"start":{"line":12,"column":2193},"end":{"line":12,"column":2230}},"line":12},"23":{"name":"AsyncIterator","decl":{"start":{"line":12,"column":2248},"end":{"line":12,"column":2261}},"loc":{"start":{"line":12,"column":2286},"end":{"line":12,"column":3296}},"line":12},"24":{"name":"invoke","decl":{"start":{"line":12,"column":2297},"end":{"line":12,"column":2303}},"loc":{"start":{"line":12,"column":2334},"end":{"line":12,"column":2908}},"line":12},"25":{"name":"(anonymous_25)","decl":{"start":{"line":12,"column":2590},"end":{"line":12,"column":2591}},"loc":{"start":{"line":12,"column":2607},"end":{"line":12,"column":2650}},"line":12},"26":{"name":"(anonymous_26)","decl":{"start":{"line":12,"column":2652},"end":{"line":12,"column":2653}},"loc":{"start":{"line":12,"column":2667},"end":{"line":12,"column":2709}},"line":12},"27":{"name":"(anonymous_27)","decl":{"start":{"line":12,"column":2745},"end":{"line":12,"column":2746}},"loc":{"start":{"line":12,"column":2766},"end":{"line":12,"column":2812}},"line":12},"28":{"name":"(anonymous_28)","decl":{"start":{"line":12,"column":2814},"end":{"line":12,"column":2815}},"loc":{"start":{"line":12,"column":2831},"end":{"line":12,"column":2882}},"line":12},"29":{"name":"value","decl":{"start":{"line":12,"column":2980},"end":{"line":12,"column":2985}},"loc":{"start":{"line":12,"column":2999},"end":{"line":12,"column":3290}},"line":12},"30":{"name":"callInvokeWithMethodAndArg","decl":{"start":{"line":12,"column":3010},"end":{"line":12,"column":3036}},"loc":{"start":{"line":12,"column":3039},"end":{"line":12,"column":3136}},"line":12},"31":{"name":"(anonymous_31)","decl":{"start":{"line":12,"column":3064},"end":{"line":12,"column":3065}},"loc":{"start":{"line":12,"column":3091},"end":{"line":12,"column":3132}},"line":12},"32":{"name":"makeInvokeMethod","decl":{"start":{"line":12,"column":3306},"end":{"line":12,"column":3322}},"loc":{"start":{"line":12,"column":3347},"end":{"line":12,"column":4501}},"line":12},"33":{"name":"(anonymous_33)","decl":{"start":{"line":12,"column":3386},"end":{"line":12,"column":3387}},"loc":{"start":{"line":12,"column":3409},"end":{"line":12,"column":4498}},"line":12},"34":{"name":"maybeInvokeDelegate","decl":{"start":{"line":12,"column":4511},"end":{"line":12,"column":4530}},"loc":{"start":{"line":12,"column":4550},"end":{"line":12,"column":5595}},"line":12},"35":{"name":"pushTryEntry","decl":{"start":{"line":12,"column":5605},"end":{"line":12,"column":5617}},"loc":{"start":{"line":12,"column":5624},"end":{"line":12,"column":5799}},"line":12},"36":{"name":"resetTryEntry","decl":{"start":{"line":12,"column":5809},"end":{"line":12,"column":5822}},"loc":{"start":{"line":12,"column":5830},"end":{"line":12,"column":5940}},"line":12},"37":{"name":"Context","decl":{"start":{"line":12,"column":5950},"end":{"line":12,"column":5957}},"loc":{"start":{"line":12,"column":5971},"end":{"line":12,"column":6071}},"line":12},"38":{"name":"values","decl":{"start":{"line":12,"column":6081},"end":{"line":12,"column":6087}},"loc":{"start":{"line":12,"column":6098},"end":{"line":12,"column":6581}},"line":12},"39":{"name":"next","decl":{"start":{"line":12,"column":6337},"end":{"line":12,"column":6341}},"loc":{"start":{"line":12,"column":6344},"end":{"line":12,"column":6520}},"line":12},"40":{"name":"doneResult","decl":{"start":{"line":12,"column":6591},"end":{"line":12,"column":6601}},"loc":{"start":{"line":12,"column":6604},"end":{"line":12,"column":6646}},"line":12},"41":{"name":"(anonymous_41)","decl":{"start":{"line":12,"column":7049},"end":{"line":12,"column":7050}},"loc":{"start":{"line":12,"column":7067},"end":{"line":12,"column":7238}},"line":12},"42":{"name":"(anonymous_42)","decl":{"start":{"line":12,"column":7255},"end":{"line":12,"column":7256}},"loc":{"start":{"line":12,"column":7273},"end":{"line":12,"column":7518}},"line":12},"43":{"name":"(anonymous_43)","decl":{"start":{"line":12,"column":7536},"end":{"line":12,"column":7537}},"loc":{"start":{"line":12,"column":7551},"end":{"line":12,"column":7579}},"line":12},"44":{"name":"(anonymous_44)","decl":{"start":{"line":12,"column":7682},"end":{"line":12,"column":7683}},"loc":{"start":{"line":12,"column":7694},"end":{"line":12,"column":7710}},"line":12},"45":{"name":"(anonymous_45)","decl":{"start":{"line":12,"column":7768},"end":{"line":12,"column":7769}},"loc":{"start":{"line":12,"column":7828},"end":{"line":12,"column":8111}},"line":12},"46":{"name":"(anonymous_46)","decl":{"start":{"line":12,"column":8037},"end":{"line":12,"column":8038}},"loc":{"start":{"line":12,"column":8055},"end":{"line":12,"column":8107}},"line":12},"47":{"name":"(anonymous_47)","decl":{"start":{"line":12,"column":8211},"end":{"line":12,"column":8212}},"loc":{"start":{"line":12,"column":8223},"end":{"line":12,"column":8239}},"line":12},"48":{"name":"(anonymous_48)","decl":{"start":{"line":12,"column":8265},"end":{"line":12,"column":8266}},"loc":{"start":{"line":12,"column":8277},"end":{"line":12,"column":8309}},"line":12},"49":{"name":"(anonymous_49)","decl":{"start":{"line":12,"column":8327},"end":{"line":12,"column":8328}},"loc":{"start":{"line":12,"column":8342},"end":{"line":12,"column":8612}},"line":12},"50":{"name":"next","decl":{"start":{"line":12,"column":8457},"end":{"line":12,"column":8461}},"loc":{"start":{"line":12,"column":8464},"end":{"line":12,"column":8609}},"line":12},"51":{"name":"reset","decl":{"start":{"line":12,"column":8699},"end":{"line":12,"column":8704}},"loc":{"start":{"line":12,"column":8720},"end":{"line":12,"column":9063}},"line":12},"52":{"name":"stop","decl":{"start":{"line":12,"column":9080},"end":{"line":12,"column":9084}},"loc":{"start":{"line":12,"column":9087},"end":{"line":12,"column":9227}},"line":12},"53":{"name":"dispatchException","decl":{"start":{"line":12,"column":9257},"end":{"line":12,"column":9274}},"loc":{"start":{"line":12,"column":9286},"end":{"line":12,"column":10225}},"line":12},"54":{"name":"handle","decl":{"start":{"line":12,"column":9349},"end":{"line":12,"column":9355}},"loc":{"start":{"line":12,"column":9369},"end":{"line":12,"column":9518}},"line":12},"55":{"name":"abrupt","decl":{"start":{"line":12,"column":10244},"end":{"line":12,"column":10250}},"loc":{"start":{"line":12,"column":10262},"end":{"line":12,"column":10860}},"line":12},"56":{"name":"complete","decl":{"start":{"line":12,"column":10881},"end":{"line":12,"column":10889}},"loc":{"start":{"line":12,"column":10908},"end":{"line":12,"column":11236}},"line":12},"57":{"name":"finish","decl":{"start":{"line":12,"column":11255},"end":{"line":12,"column":11261}},"loc":{"start":{"line":12,"column":11274},"end":{"line":12,"column":11500}},"line":12},"58":{"name":"_catch","decl":{"start":{"line":12,"column":11520},"end":{"line":12,"column":11526}},"loc":{"start":{"line":12,"column":11535},"end":{"line":12,"column":11829}},"line":12},"59":{"name":"delegateYield","decl":{"start":{"line":12,"column":11855},"end":{"line":12,"column":11868}},"loc":{"start":{"line":12,"column":11900},"end":{"line":12,"column":12068}},"line":12},"60":{"name":"asyncGeneratorStep","decl":{"start":{"line":13,"column":9},"end":{"line":13,"column":27}},"loc":{"start":{"line":13,"column":75},"end":{"line":13,"column":265}},"line":13},"61":{"name":"_asyncToGenerator","decl":{"start":{"line":14,"column":9},"end":{"line":14,"column":26}},"loc":{"start":{"line":14,"column":31},"end":{"line":14,"column":389}},"line":14},"62":{"name":"(anonymous_62)","decl":{"start":{"line":14,"column":40},"end":{"line":14,"column":41}},"loc":{"start":{"line":14,"column":52},"end":{"line":14,"column":386}},"line":14},"63":{"name":"(anonymous_63)","decl":{"start":{"line":14,"column":108},"end":{"line":14,"column":109}},"loc":{"start":{"line":14,"column":135},"end":{"line":14,"column":382}},"line":14},"64":{"name":"_next","decl":{"start":{"line":14,"column":178},"end":{"line":14,"column":183}},"loc":{"start":{"line":14,"column":191},"end":{"line":14,"column":266}},"line":14},"65":{"name":"_throw","decl":{"start":{"line":14,"column":276},"end":{"line":14,"column":282}},"loc":{"start":{"line":14,"column":288},"end":{"line":14,"column":362}},"line":14},"66":{"name":"_classCallCheck","decl":{"start":{"line":15,"column":9},"end":{"line":15,"column":24}},"loc":{"start":{"line":15,"column":48},"end":{"line":15,"column":153}},"line":15},"67":{"name":"_defineProperties","decl":{"start":{"line":16,"column":9},"end":{"line":16,"column":26}},"loc":{"start":{"line":16,"column":42},"end":{"line":16,"column":317}},"line":16},"68":{"name":"_createClass","decl":{"start":{"line":17,"column":9},"end":{"line":17,"column":21}},"loc":{"start":{"line":17,"column":60},"end":{"line":17,"column":285}},"line":17},"69":{"name":"(anonymous_69)","decl":{"start":{"line":18,"column":36},"end":{"line":18,"column":37}},"loc":{"start":{"line":18,"column":48},"end":{"line":235,"column":1}},"line":18},"70":{"name":"movieControllers","decl":{"start":{"line":19,"column":11},"end":{"line":19,"column":27}},"loc":{"start":{"line":19,"column":30},"end":{"line":21,"column":3}},"line":19},"71":{"name":"(anonymous_71)","decl":{"start":{"line":24,"column":11},"end":{"line":24,"column":12}},"loc":{"start":{"line":24,"column":23},"end":{"line":70,"column":5}},"line":24},"72":{"name":"_callee","decl":{"start":{"line":25,"column":91},"end":{"line":25,"column":98}},"loc":{"start":{"line":25,"column":109},"end":{"line":65,"column":7}},"line":25},"73":{"name":"_callee$","decl":{"start":{"line":27,"column":51},"end":{"line":27,"column":59}},"loc":{"start":{"line":27,"column":70},"end":{"line":64,"column":9}},"line":27},"74":{"name":"getMovies","decl":{"start":{"line":66,"column":15},"end":{"line":66,"column":24}},"loc":{"start":{"line":66,"column":34},"end":{"line":68,"column":7}},"line":66},"75":{"name":"(anonymous_75)","decl":{"start":{"line":73,"column":11},"end":{"line":73,"column":12}},"loc":{"start":{"line":73,"column":23},"end":{"line":112,"column":5}},"line":73},"76":{"name":"_callee2","decl":{"start":{"line":74,"column":93},"end":{"line":74,"column":101}},"loc":{"start":{"line":74,"column":112},"end":{"line":107,"column":7}},"line":74},"77":{"name":"_callee2$","decl":{"start":{"line":76,"column":51},"end":{"line":76,"column":60}},"loc":{"start":{"line":76,"column":72},"end":{"line":106,"column":9}},"line":76},"78":{"name":"createMovie","decl":{"start":{"line":108,"column":15},"end":{"line":108,"column":26}},"loc":{"start":{"line":108,"column":37},"end":{"line":110,"column":7}},"line":108},"79":{"name":"(anonymous_79)","decl":{"start":{"line":115,"column":11},"end":{"line":115,"column":12}},"loc":{"start":{"line":115,"column":23},"end":{"line":160,"column":5}},"line":115},"80":{"name":"_callee3","decl":{"start":{"line":116,"column":90},"end":{"line":116,"column":98}},"loc":{"start":{"line":116,"column":109},"end":{"line":155,"column":7}},"line":116},"81":{"name":"_callee3$","decl":{"start":{"line":118,"column":51},"end":{"line":118,"column":60}},"loc":{"start":{"line":118,"column":72},"end":{"line":154,"column":9}},"line":118},"82":{"name":"getMovie","decl":{"start":{"line":156,"column":15},"end":{"line":156,"column":23}},"loc":{"start":{"line":156,"column":34},"end":{"line":158,"column":7}},"line":156},"83":{"name":"(anonymous_83)","decl":{"start":{"line":163,"column":11},"end":{"line":163,"column":12}},"loc":{"start":{"line":163,"column":23},"end":{"line":196,"column":5}},"line":163},"84":{"name":"_callee4","decl":{"start":{"line":164,"column":105},"end":{"line":164,"column":113}},"loc":{"start":{"line":164,"column":124},"end":{"line":191,"column":7}},"line":164},"85":{"name":"_callee4$","decl":{"start":{"line":166,"column":51},"end":{"line":166,"column":60}},"loc":{"start":{"line":166,"column":72},"end":{"line":190,"column":9}},"line":166},"86":{"name":"updatingMovieController","decl":{"start":{"line":192,"column":15},"end":{"line":192,"column":38}},"loc":{"start":{"line":192,"column":49},"end":{"line":194,"column":7}},"line":192},"87":{"name":"(anonymous_87)","decl":{"start":{"line":199,"column":11},"end":{"line":199,"column":12}},"loc":{"start":{"line":199,"column":23},"end":{"line":232,"column":5}},"line":199},"88":{"name":"_callee5","decl":{"start":{"line":200,"column":104},"end":{"line":200,"column":112}},"loc":{"start":{"line":200,"column":123},"end":{"line":227,"column":7}},"line":200},"89":{"name":"_callee5$","decl":{"start":{"line":202,"column":51},"end":{"line":202,"column":60}},"loc":{"start":{"line":202,"column":72},"end":{"line":226,"column":9}},"line":202},"90":{"name":"deltingMovieController","decl":{"start":{"line":228,"column":15},"end":{"line":228,"column":37}},"loc":{"start":{"line":228,"column":49},"end":{"line":230,"column":7}},"line":228}},"branchMap":{"0":{"loc":{"start":{"line":3,"column":68},"end":{"line":3,"column":319}},"type":"cond-expr","locations":[{"start":{"line":3,"column":136},"end":{"line":3,"column":173}},{"start":{"line":3,"column":176},"end":{"line":3,"column":319}}],"line":3},"1":{"loc":{"start":{"line":3,"column":68},"end":{"line":3,"column":133}},"type":"binary-expr","locations":[{"start":{"line":3,"column":68},"end":{"line":3,"column":95}},{"start":{"line":3,"column":99},"end":{"line":3,"column":133}}],"line":3},"2":{"loc":{"start":{"line":3,"column":200},"end":{"line":3,"column":316}},"type":"cond-expr","locations":[{"start":{"line":3,"column":295},"end":{"line":3,"column":303}},{"start":{"line":3,"column":306},"end":{"line":3,"column":316}}],"line":3},"3":{"loc":{"start":{"line":3,"column":200},"end":{"line":3,"column":292}},"type":"binary-expr","locations":[{"start":{"line":3,"column":200},"end":{"line":3,"column":203}},{"start":{"line":3,"column":207},"end":{"line":3,"column":234}},{"start":{"line":3,"column":238},"end":{"line":3,"column":264}},{"start":{"line":3,"column":268},"end":{"line":3,"column":292}}],"line":3},"4":{"loc":{"start":{"line":9,"column":75},"end":{"line":9,"column":326}},"type":"if","locations":[{"start":{"line":9,"column":75},"end":{"line":9,"column":326}},{"start":{"line":9,"column":75},"end":{"line":9,"column":326}}],"line":9},"5":{"loc":{"start":{"line":9,"column":163},"end":{"line":9,"column":291}},"type":"binary-expr","locations":[{"start":{"line":9,"column":163},"end":{"line":9,"column":177}},{"start":{"line":9,"column":182},"end":{"line":9,"column":290}}],"line":9},"6":{"loc":{"start":{"line":10,"column":91},"end":{"line":10,"column":131}},"type":"cond-expr","locations":[{"start":{"line":10,"column":114},"end":{"line":10,"column":126}},{"start":{"line":10,"column":129},"end":{"line":10,"column":131}}],"line":10},"7":{"loc":{"start":{"line":10,"column":133},"end":{"line":10,"column":486}},"type":"cond-expr","locations":[{"start":{"line":10,"column":141},"end":{"line":10,"column":239}},{"start":{"line":10,"column":242},"end":{"line":10,"column":486}}],"line":10},"8":{"loc":{"start":{"line":10,"column":242},"end":{"line":10,"column":486}},"type":"cond-expr","locations":[{"start":{"line":10,"column":277},"end":{"line":10,"column":350}},{"start":{"line":10,"column":353},"end":{"line":10,"column":486}}],"line":10},"9":{"loc":{"start":{"line":11,"column":44},"end":{"line":11,"column":195}},"type":"if","locations":[{"start":{"line":11,"column":44},"end":{"line":11,"column":195}},{"start":{"line":11,"column":44},"end":{"line":11,"column":195}}],"line":11},"10":{"loc":{"start":{"line":12,"column":356},"end":{"line":12,"column":433}},"type":"binary-expr","locations":[{"start":{"line":12,"column":356},"end":{"line":12,"column":377}},{"start":{"line":12,"column":381},"end":{"line":12,"column":433}}],"line":12},"11":{"loc":{"start":{"line":12,"column":445},"end":{"line":12,"column":486}},"type":"cond-expr","locations":[{"start":{"line":12,"column":475},"end":{"line":12,"column":481}},{"start":{"line":12,"column":484},"end":{"line":12,"column":486}}],"line":12},"12":{"loc":{"start":{"line":12,"column":505},"end":{"line":12,"column":537}},"type":"binary-expr","locations":[{"start":{"line":12,"column":505},"end":{"line":12,"column":521}},{"start":{"line":12,"column":525},"end":{"line":12,"column":537}}],"line":12},"13":{"loc":{"start":{"line":12,"column":561},"end":{"line":12,"column":603}},"type":"binary-expr","locations":[{"start":{"line":12,"column":561},"end":{"line":12,"column":582}},{"start":{"line":12,"column":586},"end":{"line":12,"column":603}}],"line":12},"14":{"loc":{"start":{"line":12,"column":625},"end":{"line":12,"column":663}},"type":"binary-expr","locations":[{"start":{"line":12,"column":625},"end":{"line":12,"column":644}},{"start":{"line":12,"column":648},"end":{"line":12,"column":663}}],"line":12},"15":{"loc":{"start":{"line":12,"column":1004},"end":{"line":12,"column":1075}},"type":"cond-expr","locations":[{"start":{"line":12,"column":1056},"end":{"line":12,"column":1063}},{"start":{"line":12,"column":1066},"end":{"line":12,"column":1075}}],"line":12},"16":{"loc":{"start":{"line":12,"column":1004},"end":{"line":12,"column":1053}},"type":"binary-expr","locations":[{"start":{"line":12,"column":1004},"end":{"line":12,"column":1011}},{"start":{"line":12,"column":1015},"end":{"line":12,"column":1053}}],"line":12},"17":{"loc":{"start":{"line":12,"column":1152},"end":{"line":12,"column":1169}},"type":"binary-expr","locations":[{"start":{"line":12,"column":1152},"end":{"line":12,"column":1163}},{"start":{"line":12,"column":1167},"end":{"line":12,"column":1169}}],"line":12},"18":{"loc":{"start":{"line":12,"column":1740},"end":{"line":12,"column":1782}},"type":"binary-expr","locations":[{"start":{"line":12,"column":1740},"end":{"line":12,"column":1748}},{"start":{"line":12,"column":1752},"end":{"line":12,"column":1782}}],"line":12},"19":{"loc":{"start":{"line":12,"column":1784},"end":{"line":12,"column":1946}},"type":"binary-expr","locations":[{"start":{"line":12,"column":1784},"end":{"line":12,"column":1807}},{"start":{"line":12,"column":1811},"end":{"line":12,"column":1841}},{"start":{"line":12,"column":1845},"end":{"line":12,"column":1897}},{"start":{"line":12,"column":1902},"end":{"line":12,"column":1945}}],"line":12},"20":{"loc":{"start":{"line":12,"column":2394},"end":{"line":12,"column":2886}},"type":"if","locations":[{"start":{"line":12,"column":2394},"end":{"line":12,"column":2886}},{"start":{"line":12,"column":2394},"end":{"line":12,"column":2886}}],"line":12},"21":{"loc":{"start":{"line":12,"column":2479},"end":{"line":12,"column":2883}},"type":"cond-expr","locations":[{"start":{"line":12,"column":2550},"end":{"line":12,"column":2710}},{"start":{"line":12,"column":2713},"end":{"line":12,"column":2883}}],"line":12},"22":{"loc":{"start":{"line":12,"column":2479},"end":{"line":12,"column":2547}},"type":"binary-expr","locations":[{"start":{"line":12,"column":2479},"end":{"line":12,"column":2484}},{"start":{"line":12,"column":2488},"end":{"line":12,"column":2514}},{"start":{"line":12,"column":2518},"end":{"line":12,"column":2547}}],"line":12},"23":{"loc":{"start":{"line":12,"column":3162},"end":{"line":12,"column":3287}},"type":"cond-expr","locations":[{"start":{"line":12,"column":3180},"end":{"line":12,"column":3256}},{"start":{"line":12,"column":3259},"end":{"line":12,"column":3287}}],"line":12},"24":{"loc":{"start":{"line":12,"column":3411},"end":{"line":12,"column":3486}},"type":"if","locations":[{"start":{"line":12,"column":3411},"end":{"line":12,"column":3486}},{"start":{"line":12,"column":3411},"end":{"line":12,"column":3486}}],"line":12},"25":{"loc":{"start":{"line":12,"column":3487},"end":{"line":12,"column":3573}},"type":"if","locations":[{"start":{"line":12,"column":3487},"end":{"line":12,"column":3573}},{"start":{"line":12,"column":3487},"end":{"line":12,"column":3573}}],"line":12},"26":{"loc":{"start":{"line":12,"column":3516},"end":{"line":12,"column":3550}},"type":"if","locations":[{"start":{"line":12,"column":3516},"end":{"line":12,"column":3550}},{"start":{"line":12,"column":3516},"end":{"line":12,"column":3550}}],"line":12},"27":{"loc":{"start":{"line":12,"column":3660},"end":{"line":12,"column":3836}},"type":"if","locations":[{"start":{"line":12,"column":3660},"end":{"line":12,"column":3836}},{"start":{"line":12,"column":3660},"end":{"line":12,"column":3836}}],"line":12},"28":{"loc":{"start":{"line":12,"column":3737},"end":{"line":12,"column":3834}},"type":"if","locations":[{"start":{"line":12,"column":3737},"end":{"line":12,"column":3834}},{"start":{"line":12,"column":3737},"end":{"line":12,"column":3834}}],"line":12},"29":{"loc":{"start":{"line":12,"column":3759},"end":{"line":12,"column":3809}},"type":"if","locations":[{"start":{"line":12,"column":3759},"end":{"line":12,"column":3809}},{"start":{"line":12,"column":3759},"end":{"line":12,"column":3809}}],"line":12},"30":{"loc":{"start":{"line":12,"column":3837},"end":{"line":12,"column":4138}},"type":"if","locations":[{"start":{"line":12,"column":3837},"end":{"line":12,"column":4138}},{"start":{"line":12,"column":3837},"end":{"line":12,"column":4138}}],"line":12},"31":{"loc":{"start":{"line":12,"column":3916},"end":{"line":12,"column":4138}},"type":"if","locations":[{"start":{"line":12,"column":3916},"end":{"line":12,"column":4138}},{"start":{"line":12,"column":3916},"end":{"line":12,"column":4138}}],"line":12},"32":{"loc":{"start":{"line":12,"column":3950},"end":{"line":12,"column":4021}},"type":"if","locations":[{"start":{"line":12,"column":3950},"end":{"line":12,"column":4021}},{"start":{"line":12,"column":3950},"end":{"line":12,"column":4021}}],"line":12},"33":{"loc":{"start":{"line":12,"column":4069},"end":{"line":12,"column":4137}},"type":"binary-expr","locations":[{"start":{"line":12,"column":4069},"end":{"line":12,"column":4096}},{"start":{"line":12,"column":4100},"end":{"line":12,"column":4137}}],"line":12},"34":{"loc":{"start":{"line":12,"column":4207},"end":{"line":12,"column":4392}},"type":"if","locations":[{"start":{"line":12,"column":4207},"end":{"line":12,"column":4392}},{"start":{"line":12,"column":4207},"end":{"line":12,"column":4392}}],"line":12},"35":{"loc":{"start":{"line":12,"column":4239},"end":{"line":12,"column":4340}},"type":"if","locations":[{"start":{"line":12,"column":4239},"end":{"line":12,"column":4340}},{"start":{"line":12,"column":4239},"end":{"line":12,"column":4340}}],"line":12},"36":{"loc":{"start":{"line":12,"column":4251},"end":{"line":12,"column":4296}},"type":"cond-expr","locations":[{"start":{"line":12,"column":4266},"end":{"line":12,"column":4277}},{"start":{"line":12,"column":4280},"end":{"line":12,"column":4296}}],"line":12},"37":{"loc":{"start":{"line":12,"column":4393},"end":{"line":12,"column":4493}},"type":"binary-expr","locations":[{"start":{"line":12,"column":4393},"end":{"line":12,"column":4416}},{"start":{"line":12,"column":4421},"end":{"line":12,"column":4492}}],"line":12},"38":{"loc":{"start":{"line":12,"column":4600},"end":{"line":12,"column":5002}},"type":"if","locations":[{"start":{"line":12,"column":4600},"end":{"line":12,"column":5002}},{"start":{"line":12,"column":4600},"end":{"line":12,"column":5002}}],"line":12},"39":{"loc":{"start":{"line":12,"column":4628},"end":{"line":12,"column":4975}},"type":"if","locations":[{"start":{"line":12,"column":4628},"end":{"line":12,"column":4975}},{"start":{"line":12,"column":4628},"end":{"line":12,"column":4975}}],"line":12},"40":{"loc":{"start":{"line":12,"column":4687},"end":{"line":12,"column":4868}},"type":"if","locations":[{"start":{"line":12,"column":4687},"end":{"line":12,"column":4868}},{"start":{"line":12,"column":4687},"end":{"line":12,"column":4868}}],"line":12},"41":{"loc":{"start":{"line":12,"column":4691},"end":{"line":12,"column":4842}},"type":"binary-expr","locations":[{"start":{"line":12,"column":4691},"end":{"line":12,"column":4718}},{"start":{"line":12,"column":4723},"end":{"line":12,"column":4841}}],"line":12},"42":{"loc":{"start":{"line":12,"column":5066},"end":{"line":12,"column":5196}},"type":"if","locations":[{"start":{"line":12,"column":5066},"end":{"line":12,"column":5196}},{"start":{"line":12,"column":5066},"end":{"line":12,"column":5196}}],"line":12},"43":{"loc":{"start":{"line":12,"column":5227},"end":{"line":12,"column":5592}},"type":"cond-expr","locations":[{"start":{"line":12,"column":5234},"end":{"line":12,"column":5455}},{"start":{"line":12,"column":5459},"end":{"line":12,"column":5591}}],"line":12},"44":{"loc":{"start":{"line":12,"column":5234},"end":{"line":12,"column":5455}},"type":"cond-expr","locations":[{"start":{"line":12,"column":5247},"end":{"line":12,"column":5447}},{"start":{"line":12,"column":5451},"end":{"line":12,"column":5455}}],"line":12},"45":{"loc":{"start":{"line":12,"column":5323},"end":{"line":12,"column":5404}},"type":"binary-expr","locations":[{"start":{"line":12,"column":5323},"end":{"line":12,"column":5350}},{"start":{"line":12,"column":5355},"end":{"line":12,"column":5403}}],"line":12},"46":{"loc":{"start":{"line":12,"column":5659},"end":{"line":12,"column":5698}},"type":"binary-expr","locations":[{"start":{"line":12,"column":5659},"end":{"line":12,"column":5668}},{"start":{"line":12,"column":5673},"end":{"line":12,"column":5697}}],"line":12},"47":{"loc":{"start":{"line":12,"column":5700},"end":{"line":12,"column":5767}},"type":"binary-expr","locations":[{"start":{"line":12,"column":5700},"end":{"line":12,"column":5709}},{"start":{"line":12,"column":5714},"end":{"line":12,"column":5766}}],"line":12},"48":{"loc":{"start":{"line":12,"column":5845},"end":{"line":12,"column":5867}},"type":"binary-expr","locations":[{"start":{"line":12,"column":5845},"end":{"line":12,"column":5861}},{"start":{"line":12,"column":5865},"end":{"line":12,"column":5867}}],"line":12},"49":{"loc":{"start":{"line":12,"column":6100},"end":{"line":12,"column":6550}},"type":"if","locations":[{"start":{"line":12,"column":6100},"end":{"line":12,"column":6550}},{"start":{"line":12,"column":6100},"end":{"line":12,"column":6550}}],"line":12},"50":{"loc":{"start":{"line":12,"column":6163},"end":{"line":12,"column":6220}},"type":"if","locations":[{"start":{"line":12,"column":6163},"end":{"line":12,"column":6220}},{"start":{"line":12,"column":6163},"end":{"line":12,"column":6220}}],"line":12},"51":{"loc":{"start":{"line":12,"column":6221},"end":{"line":12,"column":6277}},"type":"if","locations":[{"start":{"line":12,"column":6221},"end":{"line":12,"column":6277}},{"start":{"line":12,"column":6221},"end":{"line":12,"column":6277}}],"line":12},"52":{"loc":{"start":{"line":12,"column":6278},"end":{"line":12,"column":6548}},"type":"if","locations":[{"start":{"line":12,"column":6278},"end":{"line":12,"column":6548}},{"start":{"line":12,"column":6278},"end":{"line":12,"column":6548}}],"line":12},"53":{"loc":{"start":{"line":12,"column":6379},"end":{"line":12,"column":6463}},"type":"if","locations":[{"start":{"line":12,"column":6379},"end":{"line":12,"column":6463}},{"start":{"line":12,"column":6379},"end":{"line":12,"column":6463}}],"line":12},"54":{"loc":{"start":{"line":12,"column":7080},"end":{"line":12,"column":7129}},"type":"binary-expr","locations":[{"start":{"line":12,"column":7080},"end":{"line":12,"column":7107}},{"start":{"line":12,"column":7111},"end":{"line":12,"column":7129}}],"line":12},"55":{"loc":{"start":{"line":12,"column":7138},"end":{"line":12,"column":7235}},"type":"binary-expr","locations":[{"start":{"line":12,"column":7138},"end":{"line":12,"column":7144}},{"start":{"line":12,"column":7149},"end":{"line":12,"column":7175}},{"start":{"line":12,"column":7179},"end":{"line":12,"column":7234}}],"line":12},"56":{"loc":{"start":{"line":12,"column":7204},"end":{"line":12,"column":7233}},"type":"binary-expr","locations":[{"start":{"line":12,"column":7204},"end":{"line":12,"column":7220}},{"start":{"line":12,"column":7224},"end":{"line":12,"column":7233}}],"line":12},"57":{"loc":{"start":{"line":12,"column":7282},"end":{"line":12,"column":7469}},"type":"cond-expr","locations":[{"start":{"line":12,"column":7306},"end":{"line":12,"column":7363}},{"start":{"line":12,"column":7367},"end":{"line":12,"column":7468}}],"line":12},"58":{"loc":{"start":{"line":12,"column":7830},"end":{"line":12,"column":7879}},"type":"binary-expr","locations":[{"start":{"line":12,"column":7830},"end":{"line":12,"column":7852}},{"start":{"line":12,"column":7857},"end":{"line":12,"column":7878}}],"line":12},"59":{"loc":{"start":{"line":12,"column":7974},"end":{"line":12,"column":8108}},"type":"cond-expr","locations":[{"start":{"line":12,"column":8013},"end":{"line":12,"column":8017}},{"start":{"line":12,"column":8020},"end":{"line":12,"column":8108}}],"line":12},"60":{"loc":{"start":{"line":12,"column":8064},"end":{"line":12,"column":8104}},"type":"cond-expr","locations":[{"start":{"line":12,"column":8078},"end":{"line":12,"column":8090}},{"start":{"line":12,"column":8093},"end":{"line":12,"column":8104}}],"line":12},"61":{"loc":{"start":{"line":12,"column":8511},"end":{"line":12,"column":8576}},"type":"if","locations":[{"start":{"line":12,"column":8511},"end":{"line":12,"column":8576}},{"start":{"line":12,"column":8511},"end":{"line":12,"column":8576}}],"line":12},"62":{"loc":{"start":{"line":12,"column":8722},"end":{"line":12,"column":9061}},"type":"if","locations":[{"start":{"line":12,"column":8722},"end":{"line":12,"column":9061}},{"start":{"line":12,"column":8722},"end":{"line":12,"column":9061}}],"line":12},"63":{"loc":{"start":{"line":12,"column":8955},"end":{"line":12,"column":9058}},"type":"binary-expr","locations":[{"start":{"line":12,"column":8955},"end":{"line":12,"column":8977}},{"start":{"line":12,"column":8981},"end":{"line":12,"column":9004}},{"start":{"line":12,"column":9008},"end":{"line":12,"column":9030}},{"start":{"line":12,"column":9035},"end":{"line":12,"column":9057}}],"line":12},"64":{"loc":{"start":{"line":12,"column":9153},"end":{"line":12,"column":9207}},"type":"if","locations":[{"start":{"line":12,"column":9153},"end":{"line":12,"column":9207}},{"start":{"line":12,"column":9153},"end":{"line":12,"column":9207}}],"line":12},"65":{"loc":{"start":{"line":12,"column":9288},"end":{"line":12,"column":9319}},"type":"if","locations":[{"start":{"line":12,"column":9288},"end":{"line":12,"column":9319}},{"start":{"line":12,"column":9288},"end":{"line":12,"column":9319}}],"line":12},"66":{"loc":{"start":{"line":12,"column":9445},"end":{"line":12,"column":9505}},"type":"binary-expr","locations":[{"start":{"line":12,"column":9445},"end":{"line":12,"column":9451}},{"start":{"line":12,"column":9456},"end":{"line":12,"column":9504}}],"line":12},"67":{"loc":{"start":{"line":12,"column":9634},"end":{"line":12,"column":9684}},"type":"if","locations":[{"start":{"line":12,"column":9634},"end":{"line":12,"column":9684}},{"start":{"line":12,"column":9634},"end":{"line":12,"column":9684}}],"line":12},"68":{"loc":{"start":{"line":12,"column":9685},"end":{"line":12,"column":10221}},"type":"if","locations":[{"start":{"line":12,"column":9685},"end":{"line":12,"column":10221}},{"start":{"line":12,"column":9685},"end":{"line":12,"column":10221}}],"line":12},"69":{"loc":{"start":{"line":12,"column":9812},"end":{"line":12,"column":10219}},"type":"if","locations":[{"start":{"line":12,"column":9812},"end":{"line":12,"column":10219}},{"start":{"line":12,"column":9812},"end":{"line":12,"column":10219}}],"line":12},"70":{"loc":{"start":{"line":12,"column":9816},"end":{"line":12,"column":9838}},"type":"binary-expr","locations":[{"start":{"line":12,"column":9816},"end":{"line":12,"column":9824}},{"start":{"line":12,"column":9828},"end":{"line":12,"column":9838}}],"line":12},"71":{"loc":{"start":{"line":12,"column":9842},"end":{"line":12,"column":9908}},"type":"if","locations":[{"start":{"line":12,"column":9842},"end":{"line":12,"column":9908}},{"start":{"line":12,"column":9842},"end":{"line":12,"column":9908}}],"line":12},"72":{"loc":{"start":{"line":12,"column":9909},"end":{"line":12,"column":9975}},"type":"if","locations":[{"start":{"line":12,"column":9909},"end":{"line":12,"column":9975}},{"start":{"line":12,"column":9909},"end":{"line":12,"column":9975}}],"line":12},"73":{"loc":{"start":{"line":12,"column":9983},"end":{"line":12,"column":10219}},"type":"if","locations":[{"start":{"line":12,"column":9983},"end":{"line":12,"column":10219}},{"start":{"line":12,"column":9983},"end":{"line":12,"column":10219}}],"line":12},"74":{"loc":{"start":{"line":12,"column":9999},"end":{"line":12,"column":10065}},"type":"if","locations":[{"start":{"line":12,"column":9999},"end":{"line":12,"column":10065}},{"start":{"line":12,"column":9999},"end":{"line":12,"column":10065}}],"line":12},"75":{"loc":{"start":{"line":12,"column":10075},"end":{"line":12,"column":10150}},"type":"if","locations":[{"start":{"line":12,"column":10075},"end":{"line":12,"column":10150}},{"start":{"line":12,"column":10075},"end":{"line":12,"column":10150}}],"line":12},"76":{"loc":{"start":{"line":12,"column":10151},"end":{"line":12,"column":10217}},"type":"if","locations":[{"start":{"line":12,"column":10151},"end":{"line":12,"column":10217}},{"start":{"line":12,"column":10151},"end":{"line":12,"column":10217}}],"line":12},"77":{"loc":{"start":{"line":12,"column":10352},"end":{"line":12,"column":10487}},"type":"if","locations":[{"start":{"line":12,"column":10352},"end":{"line":12,"column":10487}},{"start":{"line":12,"column":10352},"end":{"line":12,"column":10487}}],"line":12},"78":{"loc":{"start":{"line":12,"column":10356},"end":{"line":12,"column":10449}},"type":"binary-expr","locations":[{"start":{"line":12,"column":10356},"end":{"line":12,"column":10381}},{"start":{"line":12,"column":10385},"end":{"line":12,"column":10417}},{"start":{"line":12,"column":10421},"end":{"line":12,"column":10449}}],"line":12},"79":{"loc":{"start":{"line":12,"column":10490},"end":{"line":12,"column":10636}},"type":"binary-expr","locations":[{"start":{"line":12,"column":10490},"end":{"line":12,"column":10502}},{"start":{"line":12,"column":10507},"end":{"line":12,"column":10523}},{"start":{"line":12,"column":10527},"end":{"line":12,"column":10546}},{"start":{"line":12,"column":10551},"end":{"line":12,"column":10577}},{"start":{"line":12,"column":10581},"end":{"line":12,"column":10611}},{"start":{"line":12,"column":10616},"end":{"line":12,"column":10635}}],"line":12},"80":{"loc":{"start":{"line":12,"column":10651},"end":{"line":12,"column":10694}},"type":"cond-expr","locations":[{"start":{"line":12,"column":10666},"end":{"line":12,"column":10689}},{"start":{"line":12,"column":10692},"end":{"line":12,"column":10694}}],"line":12},"81":{"loc":{"start":{"line":12,"column":10741},"end":{"line":12,"column":10857}},"type":"cond-expr","locations":[{"start":{"line":12,"column":10757},"end":{"line":12,"column":10832}},{"start":{"line":12,"column":10836},"end":{"line":12,"column":10857}}],"line":12},"82":{"loc":{"start":{"line":12,"column":10910},"end":{"line":12,"column":10956}},"type":"if","locations":[{"start":{"line":12,"column":10910},"end":{"line":12,"column":10956}},{"start":{"line":12,"column":10910},"end":{"line":12,"column":10956}}],"line":12},"83":{"loc":{"start":{"line":12,"column":10964},"end":{"line":12,"column":11215}},"type":"cond-expr","locations":[{"start":{"line":12,"column":11020},"end":{"line":12,"column":11042}},{"start":{"line":12,"column":11045},"end":{"line":12,"column":11215}}],"line":12},"84":{"loc":{"start":{"line":12,"column":10964},"end":{"line":12,"column":11017}},"type":"binary-expr","locations":[{"start":{"line":12,"column":10964},"end":{"line":12,"column":10987}},{"start":{"line":12,"column":10991},"end":{"line":12,"column":11017}}],"line":12},"85":{"loc":{"start":{"line":12,"column":11045},"end":{"line":12,"column":11215}},"type":"cond-expr","locations":[{"start":{"line":12,"column":11073},"end":{"line":12,"column":11149}},{"start":{"line":12,"column":11153},"end":{"line":12,"column":11215}}],"line":12},"86":{"loc":{"start":{"line":12,"column":11153},"end":{"line":12,"column":11215}},"type":"binary-expr","locations":[{"start":{"line":12,"column":11153},"end":{"line":12,"column":11177}},{"start":{"line":12,"column":11181},"end":{"line":12,"column":11189}},{"start":{"line":12,"column":11194},"end":{"line":12,"column":11214}}],"line":12},"87":{"loc":{"start":{"line":12,"column":11364},"end":{"line":12,"column":11496}},"type":"if","locations":[{"start":{"line":12,"column":11364},"end":{"line":12,"column":11496}},{"start":{"line":12,"column":11364},"end":{"line":12,"column":11496}}],"line":12},"88":{"loc":{"start":{"line":12,"column":11625},"end":{"line":12,"column":11783}},"type":"if","locations":[{"start":{"line":12,"column":11625},"end":{"line":12,"column":11783}},{"start":{"line":12,"column":11625},"end":{"line":12,"column":11783}}],"line":12},"89":{"loc":{"start":{"line":12,"column":11687},"end":{"line":12,"column":11766}},"type":"if","locations":[{"start":{"line":12,"column":11687},"end":{"line":12,"column":11766}},{"start":{"line":12,"column":11687},"end":{"line":12,"column":11766}}],"line":12},"90":{"loc":{"start":{"line":12,"column":11999},"end":{"line":12,"column":12047}},"type":"binary-expr","locations":[{"start":{"line":12,"column":11999},"end":{"line":12,"column":12021}},{"start":{"line":12,"column":12026},"end":{"line":12,"column":12046}}],"line":12},"91":{"loc":{"start":{"line":13,"column":176},"end":{"line":13,"column":263}},"type":"if","locations":[{"start":{"line":13,"column":176},"end":{"line":13,"column":263}},{"start":{"line":13,"column":176},"end":{"line":13,"colu
[...]
ons":[{"start":{"line":9,"column":4069},"end":{"line":9,"column":4096}},{"start":{"line":9,"column":4100},"end":{"line":9,"column":4137}}],"line":9},"28":{"loc":{"start":{"line":9,"column":4207},"end":{"line":9,"column":4392}},"type":"if","locations":[{"start":{"line":9,"column":4207},"end":{"line":9,"column":4392}},{"start":{"line":9,"column":4207},"end":{"line":9,"column":4392}}],"line":9},"29":{"loc":{"start":{"line":9,"column":4239},"end":{"line":9,"column":4340}},"type":"if","locations":[{"start":{"line":9,"column":4239},"end":{"line":9,"column":4340}},{"start":{"line":9,"column":4239},"end":{"line":9,"column":4340}}],"line":9},"30":{"loc":{"start":{"line":9,"column":4251},"end":{"line":9,"column":4296}},"type":"cond-expr","locations":[{"start":{"line":9,"column":4266},"end":{"line":9,"column":4277}},{"start":{"line":9,"column":4280},"end":{"line":9,"column":4296}}],"line":9},"31":{"loc":{"start":{"line":9,"column":4393},"end":{"line":9,"column":4493}},"type":"binary-expr","locations":[{"start":{"line":9,"column":4393},"end":{"line":9,"column":4416}},{"start":{"line":9,"column":4421},"end":{"line":9,"column":4492}}],"line":9},"32":{"loc":{"start":{"line":9,"column":4600},"end":{"line":9,"column":5002}},"type":"if","locations":[{"start":{"line":9,"column":4600},"end":{"line":9,"column":5002}},{"start":{"line":9,"column":4600},"end":{"line":9,"column":5002}}],"line":9},"33":{"loc":{"start":{"line":9,"column":4628},"end":{"line":9,"column":4975}},"type":"if","locations":[{"start":{"line":9,"column":4628},"end":{"line":9,"column":4975}},{"start":{"line":9,"column":4628},"end":{"line":9,"column":4975}}],"line":9},"34":{"loc":{"start":{"line":9,"column":4687},"end":{"line":9,"column":4868}},"type":"if","locations":[{"start":{"line":9,"column":4687},"end":{"line":9,"column":4868}},{"start":{"line":9,"column":4687},"end":{"line":9,"column":4868}}],"line":9},"35":{"loc":{"start":{"line":9,"column":4691},"end":{"line":9,"column":4842}},"type":"binary-expr","locations":[{"start":{"line":9,"column":4691},"end":{"line":9,"column":4718}},{"start":{"line":9,"column":4723},"end":{"line":9,"column":4841}}],"line":9},"36":{"loc":{"start":{"line":9,"column":5066},"end":{"line":9,"column":5196}},"type":"if","locations":[{"start":{"line":9,"column":5066},"end":{"line":9,"column":5196}},{"start":{"line":9,"column":5066},"end":{"line":9,"column":5196}}],"line":9},"37":{"loc":{"start":{"line":9,"column":5227},"end":{"line":9,"column":5592}},"type":"cond-expr","locations":[{"start":{"line":9,"column":5234},"end":{"line":9,"column":5455}},{"start":{"line":9,"column":5459},"end":{"line":9,"column":5591}}],"line":9},"38":{"loc":{"start":{"line":9,"column":5234},"end":{"line":9,"column":5455}},"type":"cond-expr","locations":[{"start":{"line":9,"column":5247},"end":{"line":9,"column":5447}},{"start":{"line":9,"column":5451},"end":{"line":9,"column":5455}}],"line":9},"39":{"loc":{"start":{"line":9,"column":5323},"end":{"line":9,"column":5404}},"type":"binary-expr","locations":[{"start":{"line":9,"column":5323},"end":{"line":9,"column":5350}},{"start":{"line":9,"column":5355},"end":{"line":9,"column":5403}}],"line":9},"40":{"loc":{"start":{"line":9,"column":5659},"end":{"line":9,"column":5698}},"type":"binary-expr","locations":[{"start":{"line":9,"column":5659},"end":{"line":9,"column":5668}},{"start":{"line":9,"column":5673},"end":{"line":9,"column":5697}}],"line":9},"41":{"loc":{"start":{"line":9,"column":5700},"end":{"line":9,"column":5767}},"type":"binary-expr","locations":[{"start":{"line":9,"column":5700},"end":{"line":9,"column":5709}},{"start":{"line":9,"column":5714},"end":{"line":9,"column":5766}}],"line":9},"42":{"loc":{"start":{"line":9,"column":5845},"end":{"line":9,"column":5867}},"type":"binary-expr","locations":[{"start":{"line":9,"column":5845},"end":{"line":9,"column":5861}},{"start":{"line":9,"column":5865},"end":{"line":9,"column":5867}}],"line":9},"43":{"loc":{"start":{"line":9,"column":6100},"end":{"line":9,"column":6550}},"type":"if","locations":[{"start":{"line":9,"column":6100},"end":{"line":9,"column":6550}},{"start":{"line":9,"column":6100},"end":{"line":9,"column":6550}}],"line":9},"44":{"loc":{"start":{"line":9,"column":6163},"end":{"line":9,"column":6220}},"type":"if","locations":[{"start":{"line":9,"column":6163},"end":{"line":9,"column":6220}},{"start":{"line":9,"column":6163},"end":{"line":9,"column":6220}}],"line":9},"45":{"loc":{"start":{"line":9,"column":6221},"end":{"line":9,"column":6277}},"type":"if","locations":[{"start":{"line":9,"column":6221},"end":{"line":9,"column":6277}},{"start":{"line":9,"column":6221},"end":{"line":9,"column":6277}}],"line":9},"46":{"loc":{"start":{"line":9,"column":6278},"end":{"line":9,"column":6548}},"type":"if","locations":[{"start":{"line":9,"column":6278},"end":{"line":9,"column":6548}},{"start":{"line":9,"column":6278},"end":{"line":9,"column":6548}}],"line":9},"47":{"loc":{"start":{"line":9,"column":6379},"end":{"line":9,"column":6463}},"type":"if","locations":[{"start":{"line":9,"column":6379},"end":{"line":9,"column":6463}},{"start":{"line":9,"column":6379},"end":{"line":9,"column":6463}}],"line":9},"48":{"loc":{"start":{"line":9,"column":7080},"end":{"line":9,"column":7129}},"type":"binary-expr","locations":[{"start":{"line":9,"column":7080},"end":{"line":9,"column":7107}},{"start":{"line":9,"column":7111},"end":{"line":9,"column":7129}}],"line":9},"49":{"loc":{"start":{"line":9,"column":7138},"end":{"line":9,"column":7235}},"type":"binary-expr","locations":[{"start":{"line":9,"column":7138},"end":{"line":9,"column":7144}},{"start":{"line":9,"column":7149},"end":{"line":9,"column":7175}},{"start":{"line":9,"column":7179},"end":{"line":9,"column":7234}}],"line":9},"50":{"loc":{"start":{"line":9,"column":7204},"end":{"line":9,"column":7233}},"type":"binary-expr","locations":[{"start":{"line":9,"column":7204},"end":{"line":9,"column":7220}},{"start":{"line":9,"column":7224},"end":{"line":9,"column":7233}}],"line":9},"51":{"loc":{"start":{"line":9,"column":7282},"end":{"line":9,"column":7469}},"type":"cond-expr","locations":[{"start":{"line":9,"column":7306},"end":{"line":9,"column":7363}},{"start":{"line":9,"column":7367},"end":{"line":9,"column":7468}}],"line":9},"52":{"loc":{"start":{"line":9,"column":7830},"end":{"line":9,"column":7879}},"type":"binary-expr","locations":[{"start":{"line":9,"column":7830},"end":{"line":9,"column":7852}},{"start":{"line":9,"column":7857},"end":{"line":9,"column":7878}}],"line":9},"53":{"loc":{"start":{"line":9,"column":7974},"end":{"line":9,"column":8108}},"type":"cond-expr","locations":[{"start":{"line":9,"column":8013},"end":{"line":9,"column":8017}},{"start":{"line":9,"column":8020},"end":{"line":9,"column":8108}}],"line":9},"54":{"loc":{"start":{"line":9,"column":8064},"end":{"line":9,"column":8104}},"type":"cond-expr","locations":[{"start":{"line":9,"column":8078},"end":{"line":9,"column":8090}},{"start":{"line":9,"column":8093},"end":{"line":9,"column":8104}}],"line":9},"55":{"loc":{"start":{"line":9,"column":8511},"end":{"line":9,"column":8576}},"type":"if","locations":[{"start":{"line":9,"column":8511},"end":{"line":9,"column":8576}},{"start":{"line":9,"column":8511},"end":{"line":9,"column":8576}}],"line":9},"56":{"loc":{"start":{"line":9,"column":8722},"end":{"line":9,"column":9061}},"type":"if","locations":[{"start":{"line":9,"column":8722},"end":{"line":9,"column":9061}},{"start":{"line":9,"column":8722},"end":{"line":9,"column":9061}}],"line":9},"57":{"loc":{"start":{"line":9,"column":8955},"end":{"line":9,"column":9058}},"type":"binary-expr","locations":[{"start":{"line":9,"column":8955},"end":{"line":9,"column":8977}},{"start":{"line":9,"column":8981},"end":{"line":9,"column":9004}},{"start":{"line":9,"column":9008},"end":{"line":9,"column":9030}},{"start":{"line":9,"column":9035},"end":{"line":9,"column":9057}}],"line":9},"58":{"loc":{"start":{"line":9,"column":9153},"end":{"line":9,"column":9207}},"type":"if","locations":[{"start":{"line":9,"column":9153},"end":{"line":9,"column":9207}},{"start":{"line":9,"column":9153},"end":{"line":9,"column":9207}}],"line":9},"59":{"loc":{"start":{"line":9,"column":9288},"end":{"line":9,"column":9319}},"type":"if","locations":[{"start":{"line":9,"column":9288},"end":{"line":9,"column":9319}},{"start":{"line":9,"column":9288},"end":{"line":9,"column":9319}}],"line":9},"60":{"loc":{"start":{"line":9,"column":9445},"end":{"line":9,"column":9505}},"type":"binary-expr","locations":[{"start":{"line":9,"column":9445},"end":{"line":9,"column":9451}},{"start":{"line":9,"column":9456},"end":{"line":9,"column":9504}}],"line":9},"61":{"loc":{"start":{"line":9,"column":9634},"end":{"line":9,"column":9684}},"type":"if","locations":[{"start":{"line":9,"column":9634},"end":{"line":9,"column":9684}},{"start":{"line":9,"column":9634},"end":{"line":9,"column":9684}}],"line":9},"62":{"loc":{"start":{"line":9,"column":9685},"end":{"line":9,"column":10221}},"type":"if","locations":[{"start":{"line":9,"column":9685},"end":{"line":9,"column":10221}},{"start":{"line":9,"column":9685},"end":{"line":9,"column":10221}}],"line":9},"63":{"loc":{"start":{"line":9,"column":9812},"end":{"line":9,"column":10219}},"type":"if","locations":[{"start":{"line":9,"column":9812},"end":{"line":9,"column":10219}},{"start":{"line":9,"column":9812},"end":{"line":9,"column":10219}}],"line":9},"64":{"loc":{"start":{"line":9,"column":9816},"end":{"line":9,"column":9838}},"type":"binary-expr","locations":[{"start":{"line":9,"column":9816},"end":{"line":9,"column":9824}},{"start":{"line":9,"column":9828},"end":{"line":9,"column":9838}}],"line":9},"65":{"loc":{"start":{"line":9,"column":9842},"end":{"line":9,"column":9908}},"type":"if","locations":[{"start":{"line":9,"column":9842},"end":{"line":9,"column":9908}},{"start":{"line":9,"column":9842},"end":{"line":9,"column":9908}}],"line":9},"66":{"loc":{"start":{"line":9,"column":9909},"end":{"line":9,"column":9975}},"type":"if","locations":[{"start":{"line":9,"column":9909},"end":{"line":9,"column":9975}},{"start":{"line":9,"column":9909},"end":{"line":9,"column":9975}}],"line":9},"67":{"loc":{"start":{"line":9,"column":9983},"end":{"line":9,"column":10219}},"type":"if","locations":[{"start":{"line":9,"column":9983},"end":{"line":9,"column":10219}},{"start":{"line":9,"column":9983},"end":{"line":9,"column":10219}}],"line":9},"68":{"loc":{"start":{"line":9,"column":9999},"end":{"line":9,"column":10065}},"type":"if","locations":[{"start":{"line":9,"column":9999},"end":{"line":9,"column":10065}},{"start":{"line":9,"column":9999},"end":{"line":9,"column":10065}}],"line":9},"69":{"loc":{"start":{"line":9,"column":10075},"end":{"line":9,"column":10150}},"type":"if","locations":[{"start":{"line":9,"column":10075},"end":{"line":9,"column":10150}},{"start":{"line":9,"column":10075},"end":{"line":9,"column":10150}}],"line":9},"70":{"loc":{"start":{"line":9,"column":10151},"end":{"line":9,"column":10217}},"type":"if","locations":[{"start":{"line":9,"column":10151},"end":{"line":9,"column":10217}},{"start":{"line":9,"column":10151},"end":{"line":9,"column":10217}}],"line":9},"71":{"loc":{"start":{"line":9,"column":10352},"end":{"line":9,"column":10487}},"type":"if","locations":[{"start":{"line":9,"column":10352},"end":{"line":9,"column":10487}},{"start":{"line":9,"column":10352},"end":{"line":9,"column":10487}}],"line":9},"72":{"loc":{"start":{"line":9,"column":10356},"end":{"line":9,"column":10449}},"type":"binary-expr","locations":[{"start":{"line":9,"column":10356},"end":{"line":9,"column":10381}},{"start":{"line":9,"column":10385},"end":{"line":9,"column":10417}},{"start":{"line":9,"column":10421},"end":{"line":9,"column":10449}}],"line":9},"73":{"loc":{"start":{"line":9,"column":10490},"end":{"line":9,"column":10636}},"type":"binary-expr","locations":[{"start":{"line":9,"column":10490},"end":{"line":9,"column":10502}},{"start":{"line":9,"column":10507},"end":{"line":9,"column":10523}},{"start":{"line":9,"column":10527},"end":{"line":9,"column":10546}},{"start":{"line":9,"column":10551},"end":{"line":9,"column":10577}},{"start":{"line":9,"column":10581},"end":{"line":9,"column":10611}},{"start":{"line":9,"column":10616},"end":{"line":9,"column":10635}}],"line":9},"74":{"loc":{"start":{"line":9,"column":10651},"end":{"line":9,"column":10694}},"type":"cond-expr","locations":[{"start":{"line":9,"column":10666},"end":{"line":9,"column":10689}},{"start":{"line":9,"column":10692},"end":{"line":9,"column":10694}}],"line":9},"75":{"loc":{"start":{"line":9,"column":10741},"end":{"line":9,"column":10857}},"type":"cond-expr","locations":[{"start":{"line":9,"column":10757},"end":{"line":9,"column":10832}},{"start":{"line":9,"column":10836},"end":{"line":9,"column":10857}}],"line":9},"76":{"loc":{"start":{"line":9,"column":10910},"end":{"line":9,"column":10956}},"type":"if","locations":[{"start":{"line":9,"column":10910},"end":{"line":9,"column":10956}},{"start":{"line":9,"column":10910},"end":{"line":9,"column":10956}}],"line":9},"77":{"loc":{"start":{"line":9,"column":10964},"end":{"line":9,"column":11215}},"type":"cond-expr","locations":[{"start":{"line":9,"column":11020},"end":{"line":9,"column":11042}},{"start":{"line":9,"column":11045},"end":{"line":9,"column":11215}}],"line":9},"78":{"loc":{"start":{"line":9,"column":10964},"end":{"line":9,"column":11017}},"type":"binary-expr","locations":[{"start":{"line":9,"column":10964},"end":{"line":9,"column":10987}},{"start":{"line":9,"column":10991},"end":{"line":9,"column":11017}}],"line":9},"79":{"loc":{"start":{"line":9,"column":11045},"end":{"line":9,"column":11215}},"type":"cond-expr","locations":[{"start":{"line":9,"column":11073},"end":{"line":9,"column":11149}},{"start":{"line":9,"column":11153},"end":{"line":9,"column":11215}}],"line":9},"80":{"loc":{"start":{"line":9,"column":11153},"end":{"line":9,"column":11215}},"type":"binary-expr","locations":[{"start":{"line":9,"column":11153},"end":{"line":9,"column":11177}},{"start":{"line":9,"column":11181},"end":{"line":9,"column":11189}},{"start":{"line":9,"column":11194},"end":{"line":9,"column":11214}}],"line":9},"81":{"loc":{"start":{"line":9,"column":11364},"end":{"line":9,"column":11496}},"type":"if","locations":[{"start":{"line":9,"column":11364},"end":{"line":9,"column":11496}},{"start":{"line":9,"column":11364},"end":{"line":9,"column":11496}}],"line":9},"82":{"loc":{"start":{"line":9,"column":11625},"end":{"line":9,"column":11783}},"type":"if","locations":[{"start":{"line":9,"column":11625},"end":{"line":9,"column":11783}},{"start":{"line":9,"column":11625},"end":{"line":9,"column":11783}}],"line":9},"83":{"loc":{"start":{"line":9,"column":11687},"end":{"line":9,"column":11766}},"type":"if","locations":[{"start":{"line":9,"column":11687},"end":{"line":9,"column":11766}},{"start":{"line":9,"column":11687},"end":{"line":9,"column":11766}}],"line":9},"84":{"loc":{"start":{"line":9,"column":11999},"end":{"line":9,"column":12047}},"type":"binary-expr","locations":[{"start":{"line":9,"column":11999},"end":{"line":9,"column":12021}},{"start":{"line":9,"column":12026},"end":{"line":9,"column":12046}}],"line":9},"85":{"loc":{"start":{"line":10,"column":176},"end":{"line":10,"column":263}},"type":"if","locations":[{"start":{"line":10,"column":176},"end":{"line":10,"column":263}},{"start":{"line":10,"column":176},"end":{"line":10,"column":263}}],"line":10},"86":{"loc":{"start":{"line":17,"column":8},"end":{"line":31,"column":9}},"type":"switch","locations":[{"start":{"line":18,"column":10},"end":{"line":24,"column":15}},{"start":{"line":25,"column":10},"end":{"line":27,"column":57}},{"start":{"line":28,"column":10},"end":{"line":28,"column":17}},{"start":{"line":29,"column":10},"end":{"line":30,"column":35}}],"line":17}},"s":{"0":0,"1":0,"2":0,"3":1,"4":1,"5":1,"6":1,"7":3,"8":1,"9":1,"10":1,"11":1,"12":0,"13":1,"14":1,"15":1,"16":1,"17":13,"18":1,"19":1,"20":0,"21":0,"22":3,"23":3,"24":3,"25":3,"26":9,"27":9,"28":0,"29":1,"30":1,"31":1,"32":1,"33":0,"34":1,"35":1,"36":1,"37":1,"38":2,"39":6,"40":6,"41":0,"42":0,"43":0,"44":0,"45":0,"46":0,"47":0,"48":0,"49":0,"50":0,"51":0,"52":0,"53":0,"54":0,"55":3,"56":3,"57":6,"58":0,"59":6,"60":0,"61":0,"62":0,"63":6,"64":9,"65":9,"66":0,"67":0,"68":0,"69":0,"70":0,"71":9,"72":6,"73":3,"74":0,"75":0,"76":0,"77":3,"78":9,"79":9,"80":9,"81":9,"82":3,"83":6,"84":0,"85":0,"86":0,"87":0,"88":0,"89":0,"90":0,"91":0,"92":0,"93":0,"94":0,"95":0,"96":0,"97":0,"98":0,"99":3,"100":3,"101":3,"102":1,"103":1,"104":1,"105":1,"106":0,"107":0,"108":0,"109":0,"110":0,"111":0,"112":0,"113":0,"114":0,"115":0,"116":0,"117":0,"118":1,"119":0,"120":0,"121":1,"122":0,"123":0,"124":0,"125":0,"126":0,"127":0,"128":0,"129":0,"130":0,"131":0,"132":0,"133":0,"134":0,"135":0,"136":0,"137":0,"138":0,"139":0,"140":3,"141":0,"142":0,"143":3,"144":3,"145":3,"146":0,"147":3,"148":0,"149":0,"150":0,"151":0,"152":0,"153":0,"154":0,"155":0,"156":0,"157":0,"158":0,"159":0,"160":0,"161":0,"162":0,"163":0,"164":0,"165":0,"166":0,"167":0,"168":0,"169":0,"170":0,"171":0,"172":0,"173":6,"174":6,"175":6,"176":6,"177":0,"178":0,"179":6,"180":6,"181":6,"182":6,"183":0,"184":6,"185":0,"186":0,"187":0,"188":0,"189":0,"190":0,"191":0,"192":0,"193":0,"194":0,"195":0,"196":0,"197":0,"198":0,"199":0,"200":0,"201":6,"202":6,"203":6,"204":0,"205":0,"206":6,"207":3,"208":3,"209":1,"210":3,"211":3,"212":3,"213":3,"214":6,"215":0,"216":3,"217":1,"218":1,"219":3,"220":9,"221":9,"222":3,"223":3,"224":3,"225":3,"226":3,"227":1,"228":3,"229":1},"f":{"0":0,"1":0,"2":0,"3":1,"4":3,"5":0,"6":13,"7":0,"8":3,"9":9,"10":0,"11":0,"12":0,"13":0,"14":2,"15":6,"16":6,"17":0,"18":0,"19":0,"20":0,"21":0,"22":0,"23":0,"24":0,"25":0,"26":3,"27":6,"28":0,"29":0,"30":3,"31":3,"32":1,"33":0,"34":0,"35":0,"36":1,"37":0,"38":0,"39":0,"40":0,"41":0,"42":0,"43":0,"44":0,"45":3,"46":3,"47":0,"48":0,"49":6,"50":6,"51":0,"52":0,"53":0,"54":6,"55":1,"56":3,"57":3,"58":6,"59":0,"60":1,"61":3,"62":9,"63":3},"b":{"0":[0,0],"1":[0,0],"2":[0,0],"3":[0,0,0,0],"4":[1,0],"5":[1,0],"6":[1,0],"7":[1,0],"8":[1,0],"9":[3,0],"10":[3,3],"11":[3,3],"12":[1,1],"13":[1,1,1,1],"14":[0,0],"15":[0,0],"16":[0,0,0],"17":[0,0],"18":[0,6],"19":[0,6],"20":[0,0],"21":[0,9],"22":[0,0],"23":[0,0],"24":[6,3],"25":[0,3],"26":[0,0],"27":[3,3],"28":[9,0],"29":[3,6],"30":[3,6],"31":[0,0],"32":[0,0],"33":[0,0],"34":[0,0],"35":[0,0],"36":[0,0],"37":[0,0],"38":[0,0],"39":[0,0],"40":[0,0],"41":[0,0],"42":[3,3],"43":[1,0],"44":[1,0],"45":[0,0],"46":[0,0],"47":[0,0],"48":[0,0],"49":[0,0,0],"50":[0,0],"51":[1,0],"52":[0,0],"53":[0,0],"54":[0,0],"55":[0,0],"56":[0,3],"57":[0,0,0,0],"58":[0,3],"59":[0,0],"60":[0,0],"61":[0,0],"62":[0,0],"63":[0,0],"64":[0,0],"65":[0,0],"66":[0,0],"67":[0,0],"68":[0,0],"69":[0,0],"70":[0,0],"71":[0,6],"72":[6,0,0],"73":[6,0,0,0,0,0],"74":[0,6],"75":[0,6],"76":[0,6],"77":[0,6],"78":[6,6],"79":[6,0],"80":[0,0,0],"81":[0,0],"82":[0,0],"83":[0,0],"84":[0,0],"85":[3,3],"86":[3,3,0,3]},"inputSourceMap":{"version":3,"names":["getAllCategories","limit","offset","Category","findAndCountAll","order","categories"],"sourceRoot":"/home/tuyizere/myTopMovies/src/services/","sources":["category.service.js"],"sourcesContent":["import {Category} from '../database/models'\n\nexport const getAllCategories = async (limit, offset) => {\n    const categories = await Category.findAndCountAll({\n      limit,\n      offset,\n      order: [[\"createdAt\", \"DESC\"]],\n    });\n    return categories;\n  };\n"],"mappings":";;;;;;;AAAA;AAA2C,+CAC3C;AAAA;AAAA;AACO,IAAMA,gBAAgB;EAAA,sEAAG,iBAAOC,KAAK,EAAEC,MAAM;IAAA;IAAA;MAAA;QAAA;UAAA;YAAA;YAAA,OACvBC,gBAAQ,CAACC,eAAe,CAAC;cAChDH,KAAK,EAALA,KAAK;cACLC,MAAM,EAANA,MAAM;cACNG,KAAK,EAAE,CAAC,CAAC,WAAW,EAAE,MAAM,CAAC;YAC/B,CAAC,CAAC;UAAA;YAJIC,UAAU;YAAA,iCAKTA,UAAU;UAAA;UAAA;YAAA;QAAA;MAAA;IAAA;EAAA,CAClB;EAAA,gBAPUN,gBAAgB;IAAA;EAAA;AAAA,GAO1B;AAAC"},"_coverageSchema":"1a1c01bbd47fc00a2c39e90264f33305004495a9","hash":"e2ee04f5b6a901c98ac2fe87de1a55947a52aaef","contentHash":"fdf4305893f80ffa1791b567f4352ea2b6329aa9a9cc16e8a876ecbd96cfd4aa"}}